[2016-01-16 23:23:30] production.ERROR: exception 'Swift_TransportException' with message 'Connection could not be established with host mailtrap.io [Connection timed out #110]' in /data/54/1/46/34/1372197/user/1471954/htdocs/vendor/swiftmailer/swiftmailer/lib/classes/Swift/Transport/StreamBuffer.php:265
Stack trace:
#0 /data/54/1/46/34/1372197/user/1471954/htdocs/vendor/swiftmailer/swiftmailer/lib/classes/Swift/Transport/StreamBuffer.php(62): Swift_Transport_StreamBuffer->_establishSocketConnection()
#1 /data/54/1/46/34/1372197/user/1471954/htdocs/vendor/swiftmailer/swiftmailer/lib/classes/Swift/Transport/AbstractSmtpTransport.php(113): Swift_Transport_StreamBuffer->initialize(Array)
#2 /data/54/1/46/34/1372197/user/1471954/htdocs/vendor/swiftmailer/swiftmailer/lib/classes/Swift/Mailer.php(79): Swift_Transport_AbstractSmtpTransport->start()
#3 /data/54/1/46/34/1372197/user/1471954/htdocs/vendor/laravel/framework/src/Illuminate/Mail/Mailer.php(379): Swift_Mailer->send(Object(Swift_Message), Array)
#4 /data/54/1/46/34/1372197/user/1471954/htdocs/vendor/laravel/framework/src/Illuminate/Mail/Mailer.php(166): Illuminate\Mail\Mailer->sendSwiftMessage(Object(Swift_Message))
#5 /data/54/1/46/34/1372197/user/1471954/htdocs/vendor/laravel/framework/src/Illuminate/Support/Facades/Facade.php(222): Illuminate\Mail\Mailer->send('emails.contact', Array, Object(Closure))
#6 /data/54/1/46/34/1372197/user/1471954/htdocs/app/Handlers/Events/EmailContactForm.php(35): Illuminate\Support\Facades\Facade::__callStatic('send', Array)
#7 /data/54/1/46/34/1372197/user/1471954/htdocs/app/Handlers/Events/EmailContactForm.php(35): Illuminate\Support\Facades\Mail::send('emails.contact', Array, Object(Closure))
#8 [internal function]: App\Handlers\Events\EmailContactForm->handle(Object(App\Events\ContactFormValid))
#9 /data/54/1/46/34/1372197/user/1471954/htdocs/vendor/laravel/framework/src/Illuminate/Events/Dispatcher.php(348): call_user_func_array(Array, Array)
#10 [internal function]: Illuminate\Events\Dispatcher->Illuminate\Events\{closure}(Object(App\Events\ContactFormValid))
#11 /data/54/1/46/34/1372197/user/1471954/htdocs/vendor/laravel/framework/src/Illuminate/Events/Dispatcher.php(221): call_user_func_array(Object(Closure), Array)
#12 /data/54/1/46/34/1372197/user/1471954/htdocs/vendor/laravel/framework/src/Illuminate/Foundation/helpers.php(371): Illuminate\Events\Dispatcher->fire(Object(App\Events\ContactFormValid), Array, false)
#13 /data/54/1/46/34/1372197/user/1471954/htdocs/app/Http/Controllers/ContactController.php(29): event(Object(App\Events\ContactFormValid))
#14 [internal function]: App\Http\Controllers\ContactController->postStore(Object(App\Http\Requests\ContactFormRequest))
#15 /data/54/1/46/34/1372197/user/1471954/htdocs/vendor/laravel/framework/src/Illuminate/Routing/Controller.php(76): call_user_func_array(Array, Array)
#16 /data/54/1/46/34/1372197/user/1471954/htdocs/vendor/laravel/framework/src/Illuminate/Routing/ControllerDispatcher.php(146): Illuminate\Routing\Controller->callAction('postStore', Array)
#17 /data/54/1/46/34/1372197/user/1471954/htdocs/vendor/laravel/framework/src/Illuminate/Routing/ControllerDispatcher.php(94): Illuminate\Routing\ControllerDispatcher->call(Object(App\Http\Controllers\ContactController), Object(Illuminate\Routing\Route), 'postStore')
#18 [internal function]: Illuminate\Routing\ControllerDispatcher->Illuminate\Routing\{closure}(Object(Illuminate\Http\Request))
#19 /data/54/1/46/34/1372197/user/1471954/htdocs/vendor/laravel/framework/src/Illuminate/Routing/Pipeline.php(52): call_user_func(Object(Closure), Object(Illuminate\Http\Request))
#20 [internal function]: Illuminate\Routing\Pipeline->Illuminate\Routing\{closure}(Object(Illuminate\Http\Request))
#21 /data/54/1/46/34/1372197/user/1471954/htdocs/vendor/laravel/framework/src/Illuminate/Pipeline/Pipeline.php(103): call_user_func(Object(Closure), Object(Illuminate\Http\Request))
#22 /data/54/1/46/34/1372197/user/1471954/htdocs/vendor/laravel/framework/src/Illuminate/Routing/ControllerDispatcher.php(96): Illuminate\Pipeline\Pipeline->then(Object(Closure))
#23 /data/54/1/46/34/1372197/user/1471954/htdocs/vendor/laravel/framework/src/Illuminate/Routing/ControllerDispatcher.php(54): Illuminate\Routing\ControllerDispatcher->callWithinStack(Object(App\Http\Controllers\ContactController), Object(Illuminate\Routing\Route), Object(Illuminate\Http\Request), 'postStore')
#24 /data/54/1/46/34/1372197/user/1471954/htdocs/vendor/laravel/framework/src/Illuminate/Routing/Route.php(174): Illuminate\Routing\ControllerDispatcher->dispatch(Object(Illuminate\Routing\Route), Object(Illuminate\Http\Request), 'App\\Http\\Contro...', 'postStore')
#25 /data/54/1/46/34/1372197/user/1471954/htdocs/vendor/laravel/framework/src/Illuminate/Routing/Route.php(140): Illuminate\Routing\Route->runController(Object(Illuminate\Http\Request))
#26 /data/54/1/46/34/1372197/user/1471954/htdocs/vendor/laravel/framework/src/Illuminate/Routing/Router.php(703): Illuminate\Routing\Route->run(Object(Illuminate\Http\Request))
#27 [internal function]: Illuminate\Routing\Router->Illuminate\Routing\{closure}(Object(Illuminate\Http\Request))
#28 /data/54/1/46/34/1372197/user/1471954/htdocs/vendor/laravel/framework/src/Illuminate/Routing/Pipeline.php(52): call_user_func(Object(Closure), Object(Illuminate\Http\Request))
#29 /data/54/1/46/34/1372197/user/1471954/htdocs/vendor/laravel/framework/src/Illuminate/Foundation/Http/Middleware/VerifyCsrfToken.php(64): Illuminate\Routing\Pipeline->Illuminate\Routing\{closure}(Object(Illuminate\Http\Request))
#30 [internal function]: Illuminate\Foundation\Http\Middleware\VerifyCsrfToken->handle(Object(Illuminate\Http\Request), Object(Closure))
#31 /data/54/1/46/34/1372197/user/1471954/htdocs/vendor/laravel/framework/src/Illuminate/Pipeline/Pipeline.php(124): call_user_func_array(Array, Array)
#32 [internal function]: Illuminate\Pipeline\Pipeline->Illuminate\Pipeline\{closure}(Object(Illuminate\Http\Request))
#33 /data/54/1/46/34/1372197/user/1471954/htdocs/vendor/laravel/framework/src/Illuminate/Routing/Pipeline.php(32): call_user_func(Object(Closure), Object(Illuminate\Http\Request))
#34 /data/54/1/46/34/1372197/user/1471954/htdocs/vendor/laravel/framework/src/Illuminate/View/Middleware/ShareErrorsFromSession.php(49): Illuminate\Routing\Pipeline->Illuminate\Routing\{closure}(Object(Illuminate\Http\Request))
#35 [internal function]: Illuminate\View\Middleware\ShareErrorsFromSession->handle(Object(Illuminate\Http\Request), Object(Closure))
#36 /data/54/1/46/34/1372197/user/1471954/htdocs/vendor/laravel/framework/src/Illuminate/Pipeline/Pipeline.php(124): call_user_func_array(Array, Array)
#37 [internal function]: Illuminate\Pipeline\Pipeline->Illuminate\Pipeline\{closure}(Object(Illuminate\Http\Request))
#38 /data/54/1/46/34/1372197/user/1471954/htdocs/vendor/laravel/framework/src/Illuminate/Routing/Pipeline.php(32): call_user_func(Object(Closure), Object(Illuminate\Http\Request))
#39 /data/54/1/46/34/1372197/user/1471954/htdocs/vendor/laravel/framework/src/Illuminate/Session/Middleware/StartSession.php(62): Illuminate\Routing\Pipeline->Illuminate\Routing\{closure}(Object(Illuminate\Http\Request))
#40 [internal function]: Illuminate\Session\Middleware\StartSession->handle(Object(Illuminate\Http\Request), Object(Closure))
#41 /data/54/1/46/34/1372197/user/1471954/htdocs/vendor/laravel/framework/src/Illuminate/Pipeline/Pipeline.php(124): call_user_func_array(Array, Array)
#42 [internal function]: Illuminate\Pipeline\Pipeline->Illuminate\Pipeline\{closure}(Object(Illuminate\Http\Request))
#43 /data/54/1/46/34/1372197/user/1471954/htdocs/vendor/laravel/framework/src/Illuminate/Routing/Pipeline.php(32): call_user_func(Object(Closure), Object(Illuminate\Http\Request))
#44 /data/54/1/46/34/1372197/user/1471954/htdocs/vendor/laravel/framework/src/Illuminate/Cookie/Middleware/AddQueuedCookiesToResponse.php(37): Illuminate\Routing\Pipeline->Illuminate\Routing\{closure}(Object(Illuminate\Http\Request))
#45 [internal function]: Illuminate\Cookie\Middleware\AddQueuedCookiesToResponse->handle(Object(Illuminate\Http\Request), Object(Closure))
#46 /data/54/1/46/34/1372197/user/1471954/htdocs/vendor/laravel/framework/src/Illuminate/Pipeline/Pipeline.php(124): call_user_func_array(Array, Array)
#47 [internal function]: Illuminate\Pipeline\Pipeline->Illuminate\Pipeline\{closure}(Object(Illuminate\Http\Request))
#48 /data/54/1/46/34/1372197/user/1471954/htdocs/vendor/laravel/framework/src/Illuminate/Routing/Pipeline.php(32): call_user_func(Object(Closure), Object(Illuminate\Http\Request))
#49 /data/54/1/46/34/1372197/user/1471954/htdocs/vendor/laravel/framework/src/Illuminate/Cookie/Middleware/EncryptCookies.php(59): Illuminate\Routing\Pipeline->Illuminate\Routing\{closure}(Object(Illuminate\Http\Request))
#50 [internal function]: Illuminate\Cookie\Middleware\EncryptCookies->handle(Object(Illuminate\Http\Request), Object(Closure))
#51 /data/54/1/46/34/1372197/user/1471954/htdocs/vendor/laravel/framework/src/Illuminate/Pipeline/Pipeline.php(124): call_user_func_array(Array, Array)
#52 [internal function]: Illuminate\Pipeline\Pipeline->Illuminate\Pipeline\{closure}(Object(Illuminate\Http\Request))
#53 /data/54/1/46/34/1372197/user/1471954/htdocs/vendor/laravel/framework/src/Illuminate/Routing/Pipeline.php(32): call_user_func(Object(Closure), Object(Illuminate\Http\Request))
#54 [internal function]: Illuminate\Routing\Pipeline->Illuminate\Routing\{closure}(Object(Illuminate\Http\Request))
#55 /data/54/1/46/34/1372197/user/1471954/htdocs/vendor/laravel/framework/src/Illuminate/Pipeline/Pipeline.php(103): call_user_func(Object(Closure), Object(Illuminate\Http\Request))
#56 /data/54/1/46/34/1372197/user/1471954/htdocs/vendor/laravel/framework/src/Illuminate/Routing/Router.php(705): Illuminate\Pipeline\Pipeline->then(Object(Closure))
#57 /data/54/1/46/34/1372197/user/1471954/htdocs/vendor/laravel/framework/src/Illuminate/Routing/Router.php(678): Illuminate\Routing\Router->runRouteWithinStack(Object(Illuminate\Routing\Route), Object(Illuminate\Http\Request))
#58 /data/54/1/46/34/1372197/user/1471954/htdocs/vendor/laravel/framework/src/Illuminate/Routing/Router.php(654): Illuminate\Routing\Router->dispatchToRoute(Object(Illuminate\Http\Request))
#59 /data/54/1/46/34/1372197/user/1471954/htdocs/vendor/laravel/framework/src/Illuminate/Foundation/Http/Kernel.php(246): Illuminate\Routing\Router->dispatch(Object(Illuminate\Http\Request))
#60 [internal function]: Illuminate\Foundation\Http\Kernel->Illuminate\Foundation\Http\{closure}(Object(Illuminate\Http\Request))
#61 /data/54/1/46/34/1372197/user/1471954/htdocs/vendor/laravel/framework/src/Illuminate/Routing/Pipeline.php(52): call_user_func(Object(Closure), Object(Illuminate\Http\Request))
#62 /data/54/1/46/34/1372197/user/1471954/htdocs/vendor/laravel/framework/src/Illuminate/Foundation/Http/Middleware/CheckForMaintenanceMode.php(44): Illuminate\Routing\Pipeline->Illuminate\Routing\{closure}(Object(Illuminate\Http\Request))
#63 [internal function]: Illuminate\Foundation\Http\Middleware\CheckForMaintenanceMode->handle(Object(Illuminate\Http\Request), Object(Closure))
#64 /data/54/1/46/34/1372197/user/1471954/htdocs/vendor/laravel/framework/src/Illuminate/Pipeline/Pipeline.php(124): call_user_func_array(Array, Array)
#65 [internal function]: Illuminate\Pipeline\Pipeline->Illuminate\Pipeline\{closure}(Object(Illuminate\Http\Request))
#66 /data/54/1/46/34/1372197/user/1471954/htdocs/vendor/laravel/framework/src/Illuminate/Routing/Pipeline.php(32): call_user_func(Object(Closure), Object(Illuminate\Http\Request))
#67 [internal function]: Illuminate\Routing\Pipeline->Illuminate\Routing\{closure}(Object(Illuminate\Http\Request))
#68 /data/54/1/46/34/1372197/user/1471954/htdocs/vendor/laravel/framework/src/Illuminate/Pipeline/Pipeline.php(103): call_user_func(Object(Closure), Object(Illuminate\Http\Request))
#69 /data/54/1/46/34/1372197/user/1471954/htdocs/vendor/laravel/framework/src/Illuminate/Foundation/Http/Kernel.php(132): Illuminate\Pipeline\Pipeline->then(Object(Closure))
#70 /data/54/1/46/34/1372197/user/1471954/htdocs/vendor/laravel/framework/src/Illuminate/Foundation/Http/Kernel.php(99): Illuminate\Foundation\Http\Kernel->sendRequestThroughRouter(Object(Illuminate\Http\Request))
#71 /data/54/1/46/34/1372197/user/1471954/htdocs/index.php(54): Illuminate\Foundation\Http\Kernel->handle(Object(Illuminate\Http\Request))
#72 {main}  
[2016-02-05 17:51:08] production.ERROR: exception 'Swift_TransportException' with message 'Connection could not be established with host mailtrap.io [Connection timed out #110]' in /data/54/1/46/34/1372197/user/1471954/htdocs/vendor/swiftmailer/swiftmailer/lib/classes/Swift/Transport/StreamBuffer.php:265
Stack trace:
#0 /data/54/1/46/34/1372197/user/1471954/htdocs/vendor/swiftmailer/swiftmailer/lib/classes/Swift/Transport/StreamBuffer.php(62): Swift_Transport_StreamBuffer->_establishSocketConnection()
#1 /data/54/1/46/34/1372197/user/1471954/htdocs/vendor/swiftmailer/swiftmailer/lib/classes/Swift/Transport/AbstractSmtpTransport.php(113): Swift_Transport_StreamBuffer->initialize(Array)
#2 /data/54/1/46/34/1372197/user/1471954/htdocs/vendor/swiftmailer/swiftmailer/lib/classes/Swift/Mailer.php(79): Swift_Transport_AbstractSmtpTransport->start()
#3 /data/54/1/46/34/1372197/user/1471954/htdocs/vendor/laravel/framework/src/Illuminate/Mail/Mailer.php(379): Swift_Mailer->send(Object(Swift_Message), Array)
#4 /data/54/1/46/34/1372197/user/1471954/htdocs/vendor/laravel/framework/src/Illuminate/Mail/Mailer.php(166): Illuminate\Mail\Mailer->sendSwiftMessage(Object(Swift_Message))
#5 /data/54/1/46/34/1372197/user/1471954/htdocs/vendor/laravel/framework/src/Illuminate/Support/Facades/Facade.php(222): Illuminate\Mail\Mailer->send('emails.contact', Array, Object(Closure))
#6 /data/54/1/46/34/1372197/user/1471954/htdocs/app/Handlers/Events/EmailContactForm.php(35): Illuminate\Support\Facades\Facade::__callStatic('send', Array)
#7 /data/54/1/46/34/1372197/user/1471954/htdocs/app/Handlers/Events/EmailContactForm.php(35): Illuminate\Support\Facades\Mail::send('emails.contact', Array, Object(Closure))
#8 [internal function]: App\Handlers\Events\EmailContactForm->handle(Object(App\Events\ContactFormValid))
#9 /data/54/1/46/34/1372197/user/1471954/htdocs/vendor/laravel/framework/src/Illuminate/Events/Dispatcher.php(348): call_user_func_array(Array, Array)
#10 [internal function]: Illuminate\Events\Dispatcher->Illuminate\Events\{closure}(Object(App\Events\ContactFormValid))
#11 /data/54/1/46/34/1372197/user/1471954/htdocs/vendor/laravel/framework/src/Illuminate/Events/Dispatcher.php(221): call_user_func_array(Object(Closure), Array)
#12 /data/54/1/46/34/1372197/user/1471954/htdocs/vendor/laravel/framework/src/Illuminate/Foundation/helpers.php(371): Illuminate\Events\Dispatcher->fire(Object(App\Events\ContactFormValid), Array, false)
#13 /data/54/1/46/34/1372197/user/1471954/htdocs/app/Http/Controllers/ContactController.php(29): event(Object(App\Events\ContactFormValid))
#14 [internal function]: App\Http\Controllers\ContactController->postStore(Object(App\Http\Requests\ContactFormRequest))
#15 /data/54/1/46/34/1372197/user/1471954/htdocs/vendor/laravel/framework/src/Illuminate/Routing/Controller.php(76): call_user_func_array(Array, Array)
#16 /data/54/1/46/34/1372197/user/1471954/htdocs/vendor/laravel/framework/src/Illuminate/Routing/ControllerDispatcher.php(146): Illuminate\Routing\Controller->callAction('postStore', Array)
#17 /data/54/1/46/34/1372197/user/1471954/htdocs/vendor/laravel/framework/src/Illuminate/Routing/ControllerDispatcher.php(94): Illuminate\Routing\ControllerDispatcher->call(Object(App\Http\Controllers\ContactController), Object(Illuminate\Routing\Route), 'postStore')
#18 [internal function]: Illuminate\Routing\ControllerDispatcher->Illuminate\Routing\{closure}(Object(Illuminate\Http\Request))
#19 /data/54/1/46/34/1372197/user/1471954/htdocs/vendor/laravel/framework/src/Illuminate/Routing/Pipeline.php(52): call_user_func(Object(Closure), Object(Illuminate\Http\Request))
#20 [internal function]: Illuminate\Routing\Pipeline->Illuminate\Routing\{closure}(Object(Illuminate\Http\Request))
#21 /data/54/1/46/34/1372197/user/1471954/htdocs/vendor/laravel/framework/src/Illuminate/Pipeline/Pipeline.php(103): call_user_func(Object(Closure), Object(Illuminate\Http\Request))
#22 /data/54/1/46/34/1372197/user/1471954/htdocs/vendor/laravel/framework/src/Illuminate/Routing/ControllerDispatcher.php(96): Illuminate\Pipeline\Pipeline->then(Object(Closure))
#23 /data/54/1/46/34/1372197/user/1471954/htdocs/vendor/laravel/framework/src/Illuminate/Routing/ControllerDispatcher.php(54): Illuminate\Routing\ControllerDispatcher->callWithinStack(Object(App\Http\Controllers\ContactController), Object(Illuminate\Routing\Route), Object(Illuminate\Http\Request), 'postStore')
#24 /data/54/1/46/34/1372197/user/1471954/htdocs/vendor/laravel/framework/src/Illuminate/Routing/Route.php(174): Illuminate\Routing\ControllerDispatcher->dispatch(Object(Illuminate\Routing\Route), Object(Illuminate\Http\Request), 'App\\Http\\Contro...', 'postStore')
#25 /data/54/1/46/34/1372197/user/1471954/htdocs/vendor/laravel/framework/src/Illuminate/Routing/Route.php(140): Illuminate\Routing\Route->runController(Object(Illuminate\Http\Request))
#26 /data/54/1/46/34/1372197/user/1471954/htdocs/vendor/laravel/framework/src/Illuminate/Routing/Router.php(703): Illuminate\Routing\Route->run(Object(Illuminate\Http\Request))
#27 [internal function]: Illuminate\Routing\Router->Illuminate\Routing\{closure}(Object(Illuminate\Http\Request))
#28 /data/54/1/46/34/1372197/user/1471954/htdocs/vendor/laravel/framework/src/Illuminate/Routing/Pipeline.php(52): call_user_func(Object(Closure), Object(Illuminate\Http\Request))
#29 /data/54/1/46/34/1372197/user/1471954/htdocs/vendor/laravel/framework/src/Illuminate/Foundation/Http/Middleware/VerifyCsrfToken.php(64): Illuminate\Routing\Pipeline->Illuminate\Routing\{closure}(Object(Illuminate\Http\Request))
#30 [internal function]: Illuminate\Foundation\Http\Middleware\VerifyCsrfToken->handle(Object(Illuminate\Http\Request), Object(Closure))
#31 /data/54/1/46/34/1372197/user/1471954/htdocs/vendor/laravel/framework/src/Illuminate/Pipeline/Pipeline.php(124): call_user_func_array(Array, Array)
#32 [internal function]: Illuminate\Pipeline\Pipeline->Illuminate\Pipeline\{closure}(Object(Illuminate\Http\Request))
#33 /data/54/1/46/34/1372197/user/1471954/htdocs/vendor/laravel/framework/src/Illuminate/Routing/Pipeline.php(32): call_user_func(Object(Closure), Object(Illuminate\Http\Request))
#34 /data/54/1/46/34/1372197/user/1471954/htdocs/vendor/laravel/framework/src/Illuminate/View/Middleware/ShareErrorsFromSession.php(49): Illuminate\Routing\Pipeline->Illuminate\Routing\{closure}(Object(Illuminate\Http\Request))
#35 [internal function]: Illuminate\View\Middleware\ShareErrorsFromSession->handle(Object(Illuminate\Http\Request), Object(Closure))
#36 /data/54/1/46/34/1372197/user/1471954/htdocs/vendor/laravel/framework/src/Illuminate/Pipeline/Pipeline.php(124): call_user_func_array(Array, Array)
#37 [internal function]: Illuminate\Pipeline\Pipeline->Illuminate\Pipeline\{closure}(Object(Illuminate\Http\Request))
#38 /data/54/1/46/34/1372197/user/1471954/htdocs/vendor/laravel/framework/src/Illuminate/Routing/Pipeline.php(32): call_user_func(Object(Closure), Object(Illuminate\Http\Request))
#39 /data/54/1/46/34/1372197/user/1471954/htdocs/vendor/laravel/framework/src/Illuminate/Session/Middleware/StartSession.php(62): Illuminate\Routing\Pipeline->Illuminate\Routing\{closure}(Object(Illuminate\Http\Request))
#40 [internal function]: Illuminate\Session\Middleware\StartSession->handle(Object(Illuminate\Http\Request), Object(Closure))
#41 /data/54/1/46/34/1372197/user/1471954/htdocs/vendor/laravel/framework/src/Illuminate/Pipeline/Pipeline.php(124): call_user_func_array(Array, Array)
#42 [internal function]: Illuminate\Pipeline\Pipeline->Illuminate\Pipeline\{closure}(Object(Illuminate\Http\Request))
#43 /data/54/1/46/34/1372197/user/1471954/htdocs/vendor/laravel/framework/src/Illuminate/Routing/Pipeline.php(32): call_user_func(Object(Closure), Object(Illuminate\Http\Request))
#44 /data/54/1/46/34/1372197/user/1471954/htdocs/vendor/laravel/framework/src/Illuminate/Cookie/Middleware/AddQueuedCookiesToResponse.php(37): Illuminate\Routing\Pipeline->Illuminate\Routing\{closure}(Object(Illuminate\Http\Request))
#45 [internal function]: Illuminate\Cookie\Middleware\AddQueuedCookiesToResponse->handle(Object(Illuminate\Http\Request), Object(Closure))
#46 /data/54/1/46/34/1372197/user/1471954/htdocs/vendor/laravel/framework/src/Illuminate/Pipeline/Pipeline.php(124): call_user_func_array(Array, Array)
#47 [internal function]: Illuminate\Pipeline\Pipeline->Illuminate\Pipeline\{closure}(Object(Illuminate\Http\Request))
#48 /data/54/1/46/34/1372197/user/1471954/htdocs/vendor/laravel/framework/src/Illuminate/Routing/Pipeline.php(32): call_user_func(Object(Closure), Object(Illuminate\Http\Request))
#49 /data/54/1/46/34/1372197/user/1471954/htdocs/vendor/laravel/framework/src/Illuminate/Cookie/Middleware/EncryptCookies.php(59): Illuminate\Routing\Pipeline->Illuminate\Routing\{closure}(Object(Illuminate\Http\Request))
#50 [internal function]: Illuminate\Cookie\Middleware\EncryptCookies->handle(Object(Illuminate\Http\Request), Object(Closure))
#51 /data/54/1/46/34/1372197/user/1471954/htdocs/vendor/laravel/framework/src/Illuminate/Pipeline/Pipeline.php(124): call_user_func_array(Array, Array)
#52 [internal function]: Illuminate\Pipeline\Pipeline->Illuminate\Pipeline\{closure}(Object(Illuminate\Http\Request))
#53 /data/54/1/46/34/1372197/user/1471954/htdocs/vendor/laravel/framework/src/Illuminate/Routing/Pipeline.php(32): call_user_func(Object(Closure), Object(Illuminate\Http\Request))
#54 [internal function]: Illuminate\Routing\Pipeline->Illuminate\Routing\{closure}(Object(Illuminate\Http\Request))
#55 /data/54/1/46/34/1372197/user/1471954/htdocs/vendor/laravel/framework/src/Illuminate/Pipeline/Pipeline.php(103): call_user_func(Object(Closure), Object(Illuminate\Http\Request))
#56 /data/54/1/46/34/1372197/user/1471954/htdocs/vendor/laravel/framework/src/Illuminate/Routing/Router.php(705): Illuminate\Pipeline\Pipeline->then(Object(Closure))
#57 /data/54/1/46/34/1372197/user/1471954/htdocs/vendor/laravel/framework/src/Illuminate/Routing/Router.php(678): Illuminate\Routing\Router->runRouteWithinStack(Object(Illuminate\Routing\Route), Object(Illuminate\Http\Request))
#58 /data/54/1/46/34/1372197/user/1471954/htdocs/vendor/laravel/framework/src/Illuminate/Routing/Router.php(654): Illuminate\Routing\Router->dispatchToRoute(Object(Illuminate\Http\Request))
#59 /data/54/1/46/34/1372197/user/1471954/htdocs/vendor/laravel/framework/src/Illuminate/Foundation/Http/Kernel.php(246): Illuminate\Routing\Router->dispatch(Object(Illuminate\Http\Request))
#60 [internal function]: Illuminate\Foundation\Http\Kernel->Illuminate\Foundation\Http\{closure}(Object(Illuminate\Http\Request))
#61 /data/54/1/46/34/1372197/user/1471954/htdocs/vendor/laravel/framework/src/Illuminate/Routing/Pipeline.php(52): call_user_func(Object(Closure), Object(Illuminate\Http\Request))
#62 /data/54/1/46/34/1372197/user/1471954/htdocs/vendor/laravel/framework/src/Illuminate/Foundation/Http/Middleware/CheckForMaintenanceMode.php(44): Illuminate\Routing\Pipeline->Illuminate\Routing\{closure}(Object(Illuminate\Http\Request))
#63 [internal function]: Illuminate\Foundation\Http\Middleware\CheckForMaintenanceMode->handle(Object(Illuminate\Http\Request), Object(Closure))
#64 /data/54/1/46/34/1372197/user/1471954/htdocs/vendor/laravel/framework/src/Illuminate/Pipeline/Pipeline.php(124): call_user_func_array(Array, Array)
#65 [internal function]: Illuminate\Pipeline\Pipeline->Illuminate\Pipeline\{closure}(Object(Illuminate\Http\Request))
#66 /data/54/1/46/34/1372197/user/1471954/htdocs/vendor/laravel/framework/src/Illuminate/Routing/Pipeline.php(32): call_user_func(Object(Closure), Object(Illuminate\Http\Request))
#67 [internal function]: Illuminate\Routing\Pipeline->Illuminate\Routing\{closure}(Object(Illuminate\Http\Request))
#68 /data/54/1/46/34/1372197/user/1471954/htdocs/vendor/laravel/framework/src/Illuminate/Pipeline/Pipeline.php(103): call_user_func(Object(Closure), Object(Illuminate\Http\Request))
#69 /data/54/1/46/34/1372197/user/1471954/htdocs/vendor/laravel/framework/src/Illuminate/Foundation/Http/Kernel.php(132): Illuminate\Pipeline\Pipeline->then(Object(Closure))
#70 /data/54/1/46/34/1372197/user/1471954/htdocs/vendor/laravel/framework/src/Illuminate/Foundation/Http/Kernel.php(99): Illuminate\Foundation\Http\Kernel->sendRequestThroughRouter(Object(Illuminate\Http\Request))
#71 /data/54/1/46/34/1372197/user/1471954/htdocs/index.php(54): Illuminate\Foundation\Http\Kernel->handle(Object(Illuminate\Http\Request))
#72 {main}  
[2016-03-01 23:57:01] production.ERROR: exception 'Swift_TransportException' with message 'Connection could not be established with host mailtrap.io [Connection timed out #110]' in /data/54/1/46/34/1372197/user/1471954/htdocs/vendor/swiftmailer/swiftmailer/lib/classes/Swift/Transport/StreamBuffer.php:265
Stack trace:
#0 /data/54/1/46/34/1372197/user/1471954/htdocs/vendor/swiftmailer/swiftmailer/lib/classes/Swift/Transport/StreamBuffer.php(62): Swift_Transport_StreamBuffer->_establishSocketConnection()
#1 /data/54/1/46/34/1372197/user/1471954/htdocs/vendor/swiftmailer/swiftmailer/lib/classes/Swift/Transport/AbstractSmtpTransport.php(113): Swift_Transport_StreamBuffer->initialize(Array)
#2 /data/54/1/46/34/1372197/user/1471954/htdocs/vendor/swiftmailer/swiftmailer/lib/classes/Swift/Mailer.php(79): Swift_Transport_AbstractSmtpTransport->start()
#3 /data/54/1/46/34/1372197/user/1471954/htdocs/vendor/laravel/framework/src/Illuminate/Mail/Mailer.php(379): Swift_Mailer->send(Object(Swift_Message), Array)
#4 /data/54/1/46/34/1372197/user/1471954/htdocs/vendor/laravel/framework/src/Illuminate/Mail/Mailer.php(166): Illuminate\Mail\Mailer->sendSwiftMessage(Object(Swift_Message))
#5 /data/54/1/46/34/1372197/user/1471954/htdocs/vendor/laravel/framework/src/Illuminate/Support/Facades/Facade.php(222): Illuminate\Mail\Mailer->send('emails.contact', Array, Object(Closure))
#6 /data/54/1/46/34/1372197/user/1471954/htdocs/app/Handlers/Events/EmailContactForm.php(35): Illuminate\Support\Facades\Facade::__callStatic('send', Array)
#7 /data/54/1/46/34/1372197/user/1471954/htdocs/app/Handlers/Events/EmailContactForm.php(35): Illuminate\Support\Facades\Mail::send('emails.contact', Array, Object(Closure))
#8 [internal function]: App\Handlers\Events\EmailContactForm->handle(Object(App\Events\ContactFormValid))
#9 /data/54/1/46/34/1372197/user/1471954/htdocs/vendor/laravel/framework/src/Illuminate/Events/Dispatcher.php(348): call_user_func_array(Array, Array)
#10 [internal function]: Illuminate\Events\Dispatcher->Illuminate\Events\{closure}(Object(App\Events\ContactFormValid))
#11 /data/54/1/46/34/1372197/user/1471954/htdocs/vendor/laravel/framework/src/Illuminate/Events/Dispatcher.php(221): call_user_func_array(Object(Closure), Array)
#12 /data/54/1/46/34/1372197/user/1471954/htdocs/vendor/laravel/framework/src/Illuminate/Foundation/helpers.php(371): Illuminate\Events\Dispatcher->fire(Object(App\Events\ContactFormValid), Array, false)
#13 /data/54/1/46/34/1372197/user/1471954/htdocs/app/Http/Controllers/ContactController.php(29): event(Object(App\Events\ContactFormValid))
#14 [internal function]: App\Http\Controllers\ContactController->postStore(Object(App\Http\Requests\ContactFormRequest))
#15 /data/54/1/46/34/1372197/user/1471954/htdocs/vendor/laravel/framework/src/Illuminate/Routing/Controller.php(76): call_user_func_array(Array, Array)
#16 /data/54/1/46/34/1372197/user/1471954/htdocs/vendor/laravel/framework/src/Illuminate/Routing/ControllerDispatcher.php(146): Illuminate\Routing\Controller->callAction('postStore', Array)
#17 /data/54/1/46/34/1372197/user/1471954/htdocs/vendor/laravel/framework/src/Illuminate/Routing/ControllerDispatcher.php(94): Illuminate\Routing\ControllerDispatcher->call(Object(App\Http\Controllers\ContactController), Object(Illuminate\Routing\Route), 'postStore')
#18 [internal function]: Illuminate\Routing\ControllerDispatcher->Illuminate\Routing\{closure}(Object(Illuminate\Http\Request))
#19 /data/54/1/46/34/1372197/user/1471954/htdocs/vendor/laravel/framework/src/Illuminate/Routing/Pipeline.php(52): call_user_func(Object(Closure), Object(Illuminate\Http\Request))
#20 [internal function]: Illuminate\Routing\Pipeline->Illuminate\Routing\{closure}(Object(Illuminate\Http\Request))
#21 /data/54/1/46/34/1372197/user/1471954/htdocs/vendor/laravel/framework/src/Illuminate/Pipeline/Pipeline.php(103): call_user_func(Object(Closure), Object(Illuminate\Http\Request))
#22 /data/54/1/46/34/1372197/user/1471954/htdocs/vendor/laravel/framework/src/Illuminate/Routing/ControllerDispatcher.php(96): Illuminate\Pipeline\Pipeline->then(Object(Closure))
#23 /data/54/1/46/34/1372197/user/1471954/htdocs/vendor/laravel/framework/src/Illuminate/Routing/ControllerDispatcher.php(54): Illuminate\Routing\ControllerDispatcher->callWithinStack(Object(App\Http\Controllers\ContactController), Object(Illuminate\Routing\Route), Object(Illuminate\Http\Request), 'postStore')
#24 /data/54/1/46/34/1372197/user/1471954/htdocs/vendor/laravel/framework/src/Illuminate/Routing/Route.php(174): Illuminate\Routing\ControllerDispatcher->dispatch(Object(Illuminate\Routing\Route), Object(Illuminate\Http\Request), 'App\\Http\\Contro...', 'postStore')
#25 /data/54/1/46/34/1372197/user/1471954/htdocs/vendor/laravel/framework/src/Illuminate/Routing/Route.php(140): Illuminate\Routing\Route->runController(Object(Illuminate\Http\Request))
#26 /data/54/1/46/34/1372197/user/1471954/htdocs/vendor/laravel/framework/src/Illuminate/Routing/Router.php(703): Illuminate\Routing\Route->run(Object(Illuminate\Http\Request))
#27 [internal function]: Illuminate\Routing\Router->Illuminate\Routing\{closure}(Object(Illuminate\Http\Request))
#28 /data/54/1/46/34/1372197/user/1471954/htdocs/vendor/laravel/framework/src/Illuminate/Routing/Pipeline.php(52): call_user_func(Object(Closure), Object(Illuminate\Http\Request))
#29 /data/54/1/46/34/1372197/user/1471954/htdocs/vendor/laravel/framework/src/Illuminate/Foundation/Http/Middleware/VerifyCsrfToken.php(64): Illuminate\Routing\Pipeline->Illuminate\Routing\{closure}(Object(Illuminate\Http\Request))
#30 [internal function]: Illuminate\Foundation\Http\Middleware\VerifyCsrfToken->handle(Object(Illuminate\Http\Request), Object(Closure))
#31 /data/54/1/46/34/1372197/user/1471954/htdocs/vendor/laravel/framework/src/Illuminate/Pipeline/Pipeline.php(124): call_user_func_array(Array, Array)
#32 [internal function]: Illuminate\Pipeline\Pipeline->Illuminate\Pipeline\{closure}(Object(Illuminate\Http\Request))
#33 /data/54/1/46/34/1372197/user/1471954/htdocs/vendor/laravel/framework/src/Illuminate/Routing/Pipeline.php(32): call_user_func(Object(Closure), Object(Illuminate\Http\Request))
#34 /data/54/1/46/34/1372197/user/1471954/htdocs/vendor/laravel/framework/src/Illuminate/View/Middleware/ShareErrorsFromSession.php(49): Illuminate\Routing\Pipeline->Illuminate\Routing\{closure}(Object(Illuminate\Http\Request))
#35 [internal function]: Illuminate\View\Middleware\ShareErrorsFromSession->handle(Object(Illuminate\Http\Request), Object(Closure))
#36 /data/54/1/46/34/1372197/user/1471954/htdocs/vendor/laravel/framework/src/Illuminate/Pipeline/Pipeline.php(124): call_user_func_array(Array, Array)
#37 [internal function]: Illuminate\Pipeline\Pipeline->Illuminate\Pipeline\{closure}(Object(Illuminate\Http\Request))
#38 /data/54/1/46/34/1372197/user/1471954/htdocs/vendor/laravel/framework/src/Illuminate/Routing/Pipeline.php(32): call_user_func(Object(Closure), Object(Illuminate\Http\Request))
#39 /data/54/1/46/34/1372197/user/1471954/htdocs/vendor/laravel/framework/src/Illuminate/Session/Middleware/StartSession.php(62): Illuminate\Routing\Pipeline->Illuminate\Routing\{closure}(Object(Illuminate\Http\Request))
#40 [internal function]: Illuminate\Session\Middleware\StartSession->handle(Object(Illuminate\Http\Request), Object(Closure))
#41 /data/54/1/46/34/1372197/user/1471954/htdocs/vendor/laravel/framework/src/Illuminate/Pipeline/Pipeline.php(124): call_user_func_array(Array, Array)
#42 [internal function]: Illuminate\Pipeline\Pipeline->Illuminate\Pipeline\{closure}(Object(Illuminate\Http\Request))
#43 /data/54/1/46/34/1372197/user/1471954/htdocs/vendor/laravel/framework/src/Illuminate/Routing/Pipeline.php(32): call_user_func(Object(Closure), Object(Illuminate\Http\Request))
#44 /data/54/1/46/34/1372197/user/1471954/htdocs/vendor/laravel/framework/src/Illuminate/Cookie/Middleware/AddQueuedCookiesToResponse.php(37): Illuminate\Routing\Pipeline->Illuminate\Routing\{closure}(Object(Illuminate\Http\Request))
#45 [internal function]: Illuminate\Cookie\Middleware\AddQueuedCookiesToResponse->handle(Object(Illuminate\Http\Request), Object(Closure))
#46 /data/54/1/46/34/1372197/user/1471954/htdocs/vendor/laravel/framework/src/Illuminate/Pipeline/Pipeline.php(124): call_user_func_array(Array, Array)
#47 [internal function]: Illuminate\Pipeline\Pipeline->Illuminate\Pipeline\{closure}(Object(Illuminate\Http\Request))
#48 /data/54/1/46/34/1372197/user/1471954/htdocs/vendor/laravel/framework/src/Illuminate/Routing/Pipeline.php(32): call_user_func(Object(Closure), Object(Illuminate\Http\Request))
#49 /data/54/1/46/34/1372197/user/1471954/htdocs/vendor/laravel/framework/src/Illuminate/Cookie/Middleware/EncryptCookies.php(59): Illuminate\Routing\Pipeline->Illuminate\Routing\{closure}(Object(Illuminate\Http\Request))
#50 [internal function]: Illuminate\Cookie\Middleware\EncryptCookies->handle(Object(Illuminate\Http\Request), Object(Closure))
#51 /data/54/1/46/34/1372197/user/1471954/htdocs/vendor/laravel/framework/src/Illuminate/Pipeline/Pipeline.php(124): call_user_func_array(Array, Array)
#52 [internal function]: Illuminate\Pipeline\Pipeline->Illuminate\Pipeline\{closure}(Object(Illuminate\Http\Request))
#53 /data/54/1/46/34/1372197/user/1471954/htdocs/vendor/laravel/framework/src/Illuminate/Routing/Pipeline.php(32): call_user_func(Object(Closure), Object(Illuminate\Http\Request))
#54 [internal function]: Illuminate\Routing\Pipeline->Illuminate\Routing\{closure}(Object(Illuminate\Http\Request))
#55 /data/54/1/46/34/1372197/user/1471954/htdocs/vendor/laravel/framework/src/Illuminate/Pipeline/Pipeline.php(103): call_user_func(Object(Closure), Object(Illuminate\Http\Request))
#56 /data/54/1/46/34/1372197/user/1471954/htdocs/vendor/laravel/framework/src/Illuminate/Routing/Router.php(705): Illuminate\Pipeline\Pipeline->then(Object(Closure))
#57 /data/54/1/46/34/1372197/user/1471954/htdocs/vendor/laravel/framework/src/Illuminate/Routing/Router.php(678): Illuminate\Routing\Router->runRouteWithinStack(Object(Illuminate\Routing\Route), Object(Illuminate\Http\Request))
#58 /data/54/1/46/34/1372197/user/1471954/htdocs/vendor/laravel/framework/src/Illuminate/Routing/Router.php(654): Illuminate\Routing\Router->dispatchToRoute(Object(Illuminate\Http\Request))
#59 /data/54/1/46/34/1372197/user/1471954/htdocs/vendor/laravel/framework/src/Illuminate/Foundation/Http/Kernel.php(246): Illuminate\Routing\Router->dispatch(Object(Illuminate\Http\Request))
#60 [internal function]: Illuminate\Foundation\Http\Kernel->Illuminate\Foundation\Http\{closure}(Object(Illuminate\Http\Request))
#61 /data/54/1/46/34/1372197/user/1471954/htdocs/vendor/laravel/framework/src/Illuminate/Routing/Pipeline.php(52): call_user_func(Object(Closure), Object(Illuminate\Http\Request))
#62 /data/54/1/46/34/1372197/user/1471954/htdocs/vendor/laravel/framework/src/Illuminate/Foundation/Http/Middleware/CheckForMaintenanceMode.php(44): Illuminate\Routing\Pipeline->Illuminate\Routing\{closure}(Object(Illuminate\Http\Request))
#63 [internal function]: Illuminate\Foundation\Http\Middleware\CheckForMaintenanceMode->handle(Object(Illuminate\Http\Request), Object(Closure))
#64 /data/54/1/46/34/1372197/user/1471954/htdocs/vendor/laravel/framework/src/Illuminate/Pipeline/Pipeline.php(124): call_user_func_array(Array, Array)
#65 [internal function]: Illuminate\Pipeline\Pipeline->Illuminate\Pipeline\{closure}(Object(Illuminate\Http\Request))
#66 /data/54/1/46/34/1372197/user/1471954/htdocs/vendor/laravel/framework/src/Illuminate/Routing/Pipeline.php(32): call_user_func(Object(Closure), Object(Illuminate\Http\Request))
#67 [internal function]: Illuminate\Routing\Pipeline->Illuminate\Routing\{closure}(Object(Illuminate\Http\Request))
#68 /data/54/1/46/34/1372197/user/1471954/htdocs/vendor/laravel/framework/src/Illuminate/Pipeline/Pipeline.php(103): call_user_func(Object(Closure), Object(Illuminate\Http\Request))
#69 /data/54/1/46/34/1372197/user/1471954/htdocs/vendor/laravel/framework/src/Illuminate/Foundation/Http/Kernel.php(132): Illuminate\Pipeline\Pipeline->then(Object(Closure))
#70 /data/54/1/46/34/1372197/user/1471954/htdocs/vendor/laravel/framework/src/Illuminate/Foundation/Http/Kernel.php(99): Illuminate\Foundation\Http\Kernel->sendRequestThroughRouter(Object(Illuminate\Http\Request))
#71 /data/54/1/46/34/1372197/user/1471954/htdocs/index.php(54): Illuminate\Foundation\Http\Kernel->handle(Object(Illuminate\Http\Request))
#72 {main}  
[2016-03-04 00:56:26] production.ERROR: exception 'Swift_TransportException' with message 'Connection could not be established with host mailtrap.io [Connection timed out #110]' in /data/54/1/46/34/1372197/user/1471954/htdocs/vendor/swiftmailer/swiftmailer/lib/classes/Swift/Transport/StreamBuffer.php:265
Stack trace:
#0 /data/54/1/46/34/1372197/user/1471954/htdocs/vendor/swiftmailer/swiftmailer/lib/classes/Swift/Transport/StreamBuffer.php(62): Swift_Transport_StreamBuffer->_establishSocketConnection()
#1 /data/54/1/46/34/1372197/user/1471954/htdocs/vendor/swiftmailer/swiftmailer/lib/classes/Swift/Transport/AbstractSmtpTransport.php(113): Swift_Transport_StreamBuffer->initialize(Array)
#2 /data/54/1/46/34/1372197/user/1471954/htdocs/vendor/swiftmailer/swiftmailer/lib/classes/Swift/Mailer.php(79): Swift_Transport_AbstractSmtpTransport->start()
#3 /data/54/1/46/34/1372197/user/1471954/htdocs/vendor/laravel/framework/src/Illuminate/Mail/Mailer.php(379): Swift_Mailer->send(Object(Swift_Message), Array)
#4 /data/54/1/46/34/1372197/user/1471954/htdocs/vendor/laravel/framework/src/Illuminate/Mail/Mailer.php(166): Illuminate\Mail\Mailer->sendSwiftMessage(Object(Swift_Message))
#5 /data/54/1/46/34/1372197/user/1471954/htdocs/vendor/laravel/framework/src/Illuminate/Support/Facades/Facade.php(222): Illuminate\Mail\Mailer->send('emails.contact', Array, Object(Closure))
#6 /data/54/1/46/34/1372197/user/1471954/htdocs/app/Handlers/Events/EmailContactForm.php(35): Illuminate\Support\Facades\Facade::__callStatic('send', Array)
#7 /data/54/1/46/34/1372197/user/1471954/htdocs/app/Handlers/Events/EmailContactForm.php(35): Illuminate\Support\Facades\Mail::send('emails.contact', Array, Object(Closure))
#8 [internal function]: App\Handlers\Events\EmailContactForm->handle(Object(App\Events\ContactFormValid))
#9 /data/54/1/46/34/1372197/user/1471954/htdocs/vendor/laravel/framework/src/Illuminate/Events/Dispatcher.php(348): call_user_func_array(Array, Array)
#10 [internal function]: Illuminate\Events\Dispatcher->Illuminate\Events\{closure}(Object(App\Events\ContactFormValid))
#11 /data/54/1/46/34/1372197/user/1471954/htdocs/vendor/laravel/framework/src/Illuminate/Events/Dispatcher.php(221): call_user_func_array(Object(Closure), Array)
#12 /data/54/1/46/34/1372197/user/1471954/htdocs/vendor/laravel/framework/src/Illuminate/Foundation/helpers.php(371): Illuminate\Events\Dispatcher->fire(Object(App\Events\ContactFormValid), Array, false)
#13 /data/54/1/46/34/1372197/user/1471954/htdocs/app/Http/Controllers/ContactController.php(29): event(Object(App\Events\ContactFormValid))
#14 [internal function]: App\Http\Controllers\ContactController->postStore(Object(App\Http\Requests\ContactFormRequest))
#15 /data/54/1/46/34/1372197/user/1471954/htdocs/vendor/laravel/framework/src/Illuminate/Routing/Controller.php(76): call_user_func_array(Array, Array)
#16 /data/54/1/46/34/1372197/user/1471954/htdocs/vendor/laravel/framework/src/Illuminate/Routing/ControllerDispatcher.php(146): Illuminate\Routing\Controller->callAction('postStore', Array)
#17 /data/54/1/46/34/1372197/user/1471954/htdocs/vendor/laravel/framework/src/Illuminate/Routing/ControllerDispatcher.php(94): Illuminate\Routing\ControllerDispatcher->call(Object(App\Http\Controllers\ContactController), Object(Illuminate\Routing\Route), 'postStore')
#18 [internal function]: Illuminate\Routing\ControllerDispatcher->Illuminate\Routing\{closure}(Object(Illuminate\Http\Request))
#19 /data/54/1/46/34/1372197/user/1471954/htdocs/vendor/laravel/framework/src/Illuminate/Routing/Pipeline.php(52): call_user_func(Object(Closure), Object(Illuminate\Http\Request))
#20 [internal function]: Illuminate\Routing\Pipeline->Illuminate\Routing\{closure}(Object(Illuminate\Http\Request))
#21 /data/54/1/46/34/1372197/user/1471954/htdocs/vendor/laravel/framework/src/Illuminate/Pipeline/Pipeline.php(103): call_user_func(Object(Closure), Object(Illuminate\Http\Request))
#22 /data/54/1/46/34/1372197/user/1471954/htdocs/vendor/laravel/framework/src/Illuminate/Routing/ControllerDispatcher.php(96): Illuminate\Pipeline\Pipeline->then(Object(Closure))
#23 /data/54/1/46/34/1372197/user/1471954/htdocs/vendor/laravel/framework/src/Illuminate/Routing/ControllerDispatcher.php(54): Illuminate\Routing\ControllerDispatcher->callWithinStack(Object(App\Http\Controllers\ContactController), Object(Illuminate\Routing\Route), Object(Illuminate\Http\Request), 'postStore')
#24 /data/54/1/46/34/1372197/user/1471954/htdocs/vendor/laravel/framework/src/Illuminate/Routing/Route.php(174): Illuminate\Routing\ControllerDispatcher->dispatch(Object(Illuminate\Routing\Route), Object(Illuminate\Http\Request), 'App\\Http\\Contro...', 'postStore')
#25 /data/54/1/46/34/1372197/user/1471954/htdocs/vendor/laravel/framework/src/Illuminate/Routing/Route.php(140): Illuminate\Routing\Route->runController(Object(Illuminate\Http\Request))
#26 /data/54/1/46/34/1372197/user/1471954/htdocs/vendor/laravel/framework/src/Illuminate/Routing/Router.php(703): Illuminate\Routing\Route->run(Object(Illuminate\Http\Request))
#27 [internal function]: Illuminate\Routing\Router->Illuminate\Routing\{closure}(Object(Illuminate\Http\Request))
#28 /data/54/1/46/34/1372197/user/1471954/htdocs/vendor/laravel/framework/src/Illuminate/Routing/Pipeline.php(52): call_user_func(Object(Closure), Object(Illuminate\Http\Request))
#29 /data/54/1/46/34/1372197/user/1471954/htdocs/vendor/laravel/framework/src/Illuminate/Foundation/Http/Middleware/VerifyCsrfToken.php(64): Illuminate\Routing\Pipeline->Illuminate\Routing\{closure}(Object(Illuminate\Http\Request))
#30 [internal function]: Illuminate\Foundation\Http\Middleware\VerifyCsrfToken->handle(Object(Illuminate\Http\Request), Object(Closure))
#31 /data/54/1/46/34/1372197/user/1471954/htdocs/vendor/laravel/framework/src/Illuminate/Pipeline/Pipeline.php(124): call_user_func_array(Array, Array)
#32 [internal function]: Illuminate\Pipeline\Pipeline->Illuminate\Pipeline\{closure}(Object(Illuminate\Http\Request))
#33 /data/54/1/46/34/1372197/user/1471954/htdocs/vendor/laravel/framework/src/Illuminate/Routing/Pipeline.php(32): call_user_func(Object(Closure), Object(Illuminate\Http\Request))
#34 /data/54/1/46/34/1372197/user/1471954/htdocs/vendor/laravel/framework/src/Illuminate/View/Middleware/ShareErrorsFromSession.php(49): Illuminate\Routing\Pipeline->Illuminate\Routing\{closure}(Object(Illuminate\Http\Request))
#35 [internal function]: Illuminate\View\Middleware\ShareErrorsFromSession->handle(Object(Illuminate\Http\Request), Object(Closure))
#36 /data/54/1/46/34/1372197/user/1471954/htdocs/vendor/laravel/framework/src/Illuminate/Pipeline/Pipeline.php(124): call_user_func_array(Array, Array)
#37 [internal function]: Illuminate\Pipeline\Pipeline->Illuminate\Pipeline\{closure}(Object(Illuminate\Http\Request))
#38 /data/54/1/46/34/1372197/user/1471954/htdocs/vendor/laravel/framework/src/Illuminate/Routing/Pipeline.php(32): call_user_func(Object(Closure), Object(Illuminate\Http\Request))
#39 /data/54/1/46/34/1372197/user/1471954/htdocs/vendor/laravel/framework/src/Illuminate/Session/Middleware/StartSession.php(62): Illuminate\Routing\Pipeline->Illuminate\Routing\{closure}(Object(Illuminate\Http\Request))
#40 [internal function]: Illuminate\Session\Middleware\StartSession->handle(Object(Illuminate\Http\Request), Object(Closure))
#41 /data/54/1/46/34/1372197/user/1471954/htdocs/vendor/laravel/framework/src/Illuminate/Pipeline/Pipeline.php(124): call_user_func_array(Array, Array)
#42 [internal function]: Illuminate\Pipeline\Pipeline->Illuminate\Pipeline\{closure}(Object(Illuminate\Http\Request))
#43 /data/54/1/46/34/1372197/user/1471954/htdocs/vendor/laravel/framework/src/Illuminate/Routing/Pipeline.php(32): call_user_func(Object(Closure), Object(Illuminate\Http\Request))
#44 /data/54/1/46/34/1372197/user/1471954/htdocs/vendor/laravel/framework/src/Illuminate/Cookie/Middleware/AddQueuedCookiesToResponse.php(37): Illuminate\Routing\Pipeline->Illuminate\Routing\{closure}(Object(Illuminate\Http\Request))
#45 [internal function]: Illuminate\Cookie\Middleware\AddQueuedCookiesToResponse->handle(Object(Illuminate\Http\Request), Object(Closure))
#46 /data/54/1/46/34/1372197/user/1471954/htdocs/vendor/laravel/framework/src/Illuminate/Pipeline/Pipeline.php(124): call_user_func_array(Array, Array)
#47 [internal function]: Illuminate\Pipeline\Pipeline->Illuminate\Pipeline\{closure}(Object(Illuminate\Http\Request))
#48 /data/54/1/46/34/1372197/user/1471954/htdocs/vendor/laravel/framework/src/Illuminate/Routing/Pipeline.php(32): call_user_func(Object(Closure), Object(Illuminate\Http\Request))
#49 /data/54/1/46/34/1372197/user/1471954/htdocs/vendor/laravel/framework/src/Illuminate/Cookie/Middleware/EncryptCookies.php(59): Illuminate\Routing\Pipeline->Illuminate\Routing\{closure}(Object(Illuminate\Http\Request))
#50 [internal function]: Illuminate\Cookie\Middleware\EncryptCookies->handle(Object(Illuminate\Http\Request), Object(Closure))
#51 /data/54/1/46/34/1372197/user/1471954/htdocs/vendor/laravel/framework/src/Illuminate/Pipeline/Pipeline.php(124): call_user_func_array(Array, Array)
#52 [internal function]: Illuminate\Pipeline\Pipeline->Illuminate\Pipeline\{closure}(Object(Illuminate\Http\Request))
#53 /data/54/1/46/34/1372197/user/1471954/htdocs/vendor/laravel/framework/src/Illuminate/Routing/Pipeline.php(32): call_user_func(Object(Closure), Object(Illuminate\Http\Request))
#54 [internal function]: Illuminate\Routing\Pipeline->Illuminate\Routing\{closure}(Object(Illuminate\Http\Request))
#55 /data/54/1/46/34/1372197/user/1471954/htdocs/vendor/laravel/framework/src/Illuminate/Pipeline/Pipeline.php(103): call_user_func(Object(Closure), Object(Illuminate\Http\Request))
#56 /data/54/1/46/34/1372197/user/1471954/htdocs/vendor/laravel/framework/src/Illuminate/Routing/Router.php(705): Illuminate\Pipeline\Pipeline->then(Object(Closure))
#57 /data/54/1/46/34/1372197/user/1471954/htdocs/vendor/laravel/framework/src/Illuminate/Routing/Router.php(678): Illuminate\Routing\Router->runRouteWithinStack(Object(Illuminate\Routing\Route), Object(Illuminate\Http\Request))
#58 /data/54/1/46/34/1372197/user/1471954/htdocs/vendor/laravel/framework/src/Illuminate/Routing/Router.php(654): Illuminate\Routing\Router->dispatchToRoute(Object(Illuminate\Http\Request))
#59 /data/54/1/46/34/1372197/user/1471954/htdocs/vendor/laravel/framework/src/Illuminate/Foundation/Http/Kernel.php(246): Illuminate\Routing\Router->dispatch(Object(Illuminate\Http\Request))
#60 [internal function]: Illuminate\Foundation\Http\Kernel->Illuminate\Foundation\Http\{closure}(Object(Illuminate\Http\Request))
#61 /data/54/1/46/34/1372197/user/1471954/htdocs/vendor/laravel/framework/src/Illuminate/Routing/Pipeline.php(52): call_user_func(Object(Closure), Object(Illuminate\Http\Request))
#62 /data/54/1/46/34/1372197/user/1471954/htdocs/vendor/laravel/framework/src/Illuminate/Foundation/Http/Middleware/CheckForMaintenanceMode.php(44): Illuminate\Routing\Pipeline->Illuminate\Routing\{closure}(Object(Illuminate\Http\Request))
#63 [internal function]: Illuminate\Foundation\Http\Middleware\CheckForMaintenanceMode->handle(Object(Illuminate\Http\Request), Object(Closure))
#64 /data/54/1/46/34/1372197/user/1471954/htdocs/vendor/laravel/framework/src/Illuminate/Pipeline/Pipeline.php(124): call_user_func_array(Array, Array)
#65 [internal function]: Illuminate\Pipeline\Pipeline->Illuminate\Pipeline\{closure}(Object(Illuminate\Http\Request))
#66 /data/54/1/46/34/1372197/user/1471954/htdocs/vendor/laravel/framework/src/Illuminate/Routing/Pipeline.php(32): call_user_func(Object(Closure), Object(Illuminate\Http\Request))
#67 [internal function]: Illuminate\Routing\Pipeline->Illuminate\Routing\{closure}(Object(Illuminate\Http\Request))
#68 /data/54/1/46/34/1372197/user/1471954/htdocs/vendor/laravel/framework/src/Illuminate/Pipeline/Pipeline.php(103): call_user_func(Object(Closure), Object(Illuminate\Http\Request))
#69 /data/54/1/46/34/1372197/user/1471954/htdocs/vendor/laravel/framework/src/Illuminate/Foundation/Http/Kernel.php(132): Illuminate\Pipeline\Pipeline->then(Object(Closure))
#70 /data/54/1/46/34/1372197/user/1471954/htdocs/vendor/laravel/framework/src/Illuminate/Foundation/Http/Kernel.php(99): Illuminate\Foundation\Http\Kernel->sendRequestThroughRouter(Object(Illuminate\Http\Request))
#71 /data/54/1/46/34/1372197/user/1471954/htdocs/index.php(54): Illuminate\Foundation\Http\Kernel->handle(Object(Illuminate\Http\Request))
#72 {main}  
[2016-03-08 07:22:26] production.ERROR: exception 'Swift_TransportException' with message 'Connection could not be established with host mailtrap.io [Connection timed out #110]' in /data/54/1/46/34/1372197/user/1471954/htdocs/vendor/swiftmailer/swiftmailer/lib/classes/Swift/Transport/StreamBuffer.php:265
Stack trace:
#0 /data/54/1/46/34/1372197/user/1471954/htdocs/vendor/swiftmailer/swiftmailer/lib/classes/Swift/Transport/StreamBuffer.php(62): Swift_Transport_StreamBuffer->_establishSocketConnection()
#1 /data/54/1/46/34/1372197/user/1471954/htdocs/vendor/swiftmailer/swiftmailer/lib/classes/Swift/Transport/AbstractSmtpTransport.php(113): Swift_Transport_StreamBuffer->initialize(Array)
#2 /data/54/1/46/34/1372197/user/1471954/htdocs/vendor/swiftmailer/swiftmailer/lib/classes/Swift/Mailer.php(79): Swift_Transport_AbstractSmtpTransport->start()
#3 /data/54/1/46/34/1372197/user/1471954/htdocs/vendor/laravel/framework/src/Illuminate/Mail/Mailer.php(379): Swift_Mailer->send(Object(Swift_Message), Array)
#4 /data/54/1/46/34/1372197/user/1471954/htdocs/vendor/laravel/framework/src/Illuminate/Mail/Mailer.php(166): Illuminate\Mail\Mailer->sendSwiftMessage(Object(Swift_Message))
#5 /data/54/1/46/34/1372197/user/1471954/htdocs/vendor/laravel/framework/src/Illuminate/Support/Facades/Facade.php(222): Illuminate\Mail\Mailer->send('emails.contact', Array, Object(Closure))
#6 /data/54/1/46/34/1372197/user/1471954/htdocs/app/Handlers/Events/EmailContactForm.php(35): Illuminate\Support\Facades\Facade::__callStatic('send', Array)
#7 /data/54/1/46/34/1372197/user/1471954/htdocs/app/Handlers/Events/EmailContactForm.php(35): Illuminate\Support\Facades\Mail::send('emails.contact', Array, Object(Closure))
#8 [internal function]: App\Handlers\Events\EmailContactForm->handle(Object(App\Events\ContactFormValid))
#9 /data/54/1/46/34/1372197/user/1471954/htdocs/vendor/laravel/framework/src/Illuminate/Events/Dispatcher.php(348): call_user_func_array(Array, Array)
#10 [internal function]: Illuminate\Events\Dispatcher->Illuminate\Events\{closure}(Object(App\Events\ContactFormValid))
#11 /data/54/1/46/34/1372197/user/1471954/htdocs/vendor/laravel/framework/src/Illuminate/Events/Dispatcher.php(221): call_user_func_array(Object(Closure), Array)
#12 /data/54/1/46/34/1372197/user/1471954/htdocs/vendor/laravel/framework/src/Illuminate/Foundation/helpers.php(371): Illuminate\Events\Dispatcher->fire(Object(App\Events\ContactFormValid), Array, false)
#13 /data/54/1/46/34/1372197/user/1471954/htdocs/app/Http/Controllers/ContactController.php(29): event(Object(App\Events\ContactFormValid))
#14 [internal function]: App\Http\Controllers\ContactController->postStore(Object(App\Http\Requests\ContactFormRequest))
#15 /data/54/1/46/34/1372197/user/1471954/htdocs/vendor/laravel/framework/src/Illuminate/Routing/Controller.php(76): call_user_func_array(Array, Array)
#16 /data/54/1/46/34/1372197/user/1471954/htdocs/vendor/laravel/framework/src/Illuminate/Routing/ControllerDispatcher.php(146): Illuminate\Routing\Controller->callAction('postStore', Array)
#17 /data/54/1/46/34/1372197/user/1471954/htdocs/vendor/laravel/framework/src/Illuminate/Routing/ControllerDispatcher.php(94): Illuminate\Routing\ControllerDispatcher->call(Object(App\Http\Controllers\ContactController), Object(Illuminate\Routing\Route), 'postStore')
#18 [internal function]: Illuminate\Routing\ControllerDispatcher->Illuminate\Routing\{closure}(Object(Illuminate\Http\Request))
#19 /data/54/1/46/34/1372197/user/1471954/htdocs/vendor/laravel/framework/src/Illuminate/Routing/Pipeline.php(52): call_user_func(Object(Closure), Object(Illuminate\Http\Request))
#20 [internal function]: Illuminate\Routing\Pipeline->Illuminate\Routing\{closure}(Object(Illuminate\Http\Request))
#21 /data/54/1/46/34/1372197/user/1471954/htdocs/vendor/laravel/framework/src/Illuminate/Pipeline/Pipeline.php(103): call_user_func(Object(Closure), Object(Illuminate\Http\Request))
#22 /data/54/1/46/34/1372197/user/1471954/htdocs/vendor/laravel/framework/src/Illuminate/Routing/ControllerDispatcher.php(96): Illuminate\Pipeline\Pipeline->then(Object(Closure))
#23 /data/54/1/46/34/1372197/user/1471954/htdocs/vendor/laravel/framework/src/Illuminate/Routing/ControllerDispatcher.php(54): Illuminate\Routing\ControllerDispatcher->callWithinStack(Object(App\Http\Controllers\ContactController), Object(Illuminate\Routing\Route), Object(Illuminate\Http\Request), 'postStore')
#24 /data/54/1/46/34/1372197/user/1471954/htdocs/vendor/laravel/framework/src/Illuminate/Routing/Route.php(174): Illuminate\Routing\ControllerDispatcher->dispatch(Object(Illuminate\Routing\Route), Object(Illuminate\Http\Request), 'App\\Http\\Contro...', 'postStore')
#25 /data/54/1/46/34/1372197/user/1471954/htdocs/vendor/laravel/framework/src/Illuminate/Routing/Route.php(140): Illuminate\Routing\Route->runController(Object(Illuminate\Http\Request))
#26 /data/54/1/46/34/1372197/user/1471954/htdocs/vendor/laravel/framework/src/Illuminate/Routing/Router.php(703): Illuminate\Routing\Route->run(Object(Illuminate\Http\Request))
#27 [internal function]: Illuminate\Routing\Router->Illuminate\Routing\{closure}(Object(Illuminate\Http\Request))
#28 /data/54/1/46/34/1372197/user/1471954/htdocs/vendor/laravel/framework/src/Illuminate/Routing/Pipeline.php(52): call_user_func(Object(Closure), Object(Illuminate\Http\Request))
#29 /data/54/1/46/34/1372197/user/1471954/htdocs/vendor/laravel/framework/src/Illuminate/Foundation/Http/Middleware/VerifyCsrfToken.php(64): Illuminate\Routing\Pipeline->Illuminate\Routing\{closure}(Object(Illuminate\Http\Request))
#30 [internal function]: Illuminate\Foundation\Http\Middleware\VerifyCsrfToken->handle(Object(Illuminate\Http\Request), Object(Closure))
#31 /data/54/1/46/34/1372197/user/1471954/htdocs/vendor/laravel/framework/src/Illuminate/Pipeline/Pipeline.php(124): call_user_func_array(Array, Array)
#32 [internal function]: Illuminate\Pipeline\Pipeline->Illuminate\Pipeline\{closure}(Object(Illuminate\Http\Request))
#33 /data/54/1/46/34/1372197/user/1471954/htdocs/vendor/laravel/framework/src/Illuminate/Routing/Pipeline.php(32): call_user_func(Object(Closure), Object(Illuminate\Http\Request))
#34 /data/54/1/46/34/1372197/user/1471954/htdocs/vendor/laravel/framework/src/Illuminate/View/Middleware/ShareErrorsFromSession.php(49): Illuminate\Routing\Pipeline->Illuminate\Routing\{closure}(Object(Illuminate\Http\Request))
#35 [internal function]: Illuminate\View\Middleware\ShareErrorsFromSession->handle(Object(Illuminate\Http\Request), Object(Closure))
#36 /data/54/1/46/34/1372197/user/1471954/htdocs/vendor/laravel/framework/src/Illuminate/Pipeline/Pipeline.php(124): call_user_func_array(Array, Array)
#37 [internal function]: Illuminate\Pipeline\Pipeline->Illuminate\Pipeline\{closure}(Object(Illuminate\Http\Request))
#38 /data/54/1/46/34/1372197/user/1471954/htdocs/vendor/laravel/framework/src/Illuminate/Routing/Pipeline.php(32): call_user_func(Object(Closure), Object(Illuminate\Http\Request))
#39 /data/54/1/46/34/1372197/user/1471954/htdocs/vendor/laravel/framework/src/Illuminate/Session/Middleware/StartSession.php(62): Illuminate\Routing\Pipeline->Illuminate\Routing\{closure}(Object(Illuminate\Http\Request))
#40 [internal function]: Illuminate\Session\Middleware\StartSession->handle(Object(Illuminate\Http\Request), Object(Closure))
#41 /data/54/1/46/34/1372197/user/1471954/htdocs/vendor/laravel/framework/src/Illuminate/Pipeline/Pipeline.php(124): call_user_func_array(Array, Array)
#42 [internal function]: Illuminate\Pipeline\Pipeline->Illuminate\Pipeline\{closure}(Object(Illuminate\Http\Request))
#43 /data/54/1/46/34/1372197/user/1471954/htdocs/vendor/laravel/framework/src/Illuminate/Routing/Pipeline.php(32): call_user_func(Object(Closure), Object(Illuminate\Http\Request))
#44 /data/54/1/46/34/1372197/user/1471954/htdocs/vendor/laravel/framework/src/Illuminate/Cookie/Middleware/AddQueuedCookiesToResponse.php(37): Illuminate\Routing\Pipeline->Illuminate\Routing\{closure}(Object(Illuminate\Http\Request))
#45 [internal function]: Illuminate\Cookie\Middleware\AddQueuedCookiesToResponse->handle(Object(Illuminate\Http\Request), Object(Closure))
#46 /data/54/1/46/34/1372197/user/1471954/htdocs/vendor/laravel/framework/src/Illuminate/Pipeline/Pipeline.php(124): call_user_func_array(Array, Array)
#47 [internal function]: Illuminate\Pipeline\Pipeline->Illuminate\Pipeline\{closure}(Object(Illuminate\Http\Request))
#48 /data/54/1/46/34/1372197/user/1471954/htdocs/vendor/laravel/framework/src/Illuminate/Routing/Pipeline.php(32): call_user_func(Object(Closure), Object(Illuminate\Http\Request))
#49 /data/54/1/46/34/1372197/user/1471954/htdocs/vendor/laravel/framework/src/Illuminate/Cookie/Middleware/EncryptCookies.php(59): Illuminate\Routing\Pipeline->Illuminate\Routing\{closure}(Object(Illuminate\Http\Request))
#50 [internal function]: Illuminate\Cookie\Middleware\EncryptCookies->handle(Object(Illuminate\Http\Request), Object(Closure))
#51 /data/54/1/46/34/1372197/user/1471954/htdocs/vendor/laravel/framework/src/Illuminate/Pipeline/Pipeline.php(124): call_user_func_array(Array, Array)
#52 [internal function]: Illuminate\Pipeline\Pipeline->Illuminate\Pipeline\{closure}(Object(Illuminate\Http\Request))
#53 /data/54/1/46/34/1372197/user/1471954/htdocs/vendor/laravel/framework/src/Illuminate/Routing/Pipeline.php(32): call_user_func(Object(Closure), Object(Illuminate\Http\Request))
#54 [internal function]: Illuminate\Routing\Pipeline->Illuminate\Routing\{closure}(Object(Illuminate\Http\Request))
#55 /data/54/1/46/34/1372197/user/1471954/htdocs/vendor/laravel/framework/src/Illuminate/Pipeline/Pipeline.php(103): call_user_func(Object(Closure), Object(Illuminate\Http\Request))
#56 /data/54/1/46/34/1372197/user/1471954/htdocs/vendor/laravel/framework/src/Illuminate/Routing/Router.php(705): Illuminate\Pipeline\Pipeline->then(Object(Closure))
#57 /data/54/1/46/34/1372197/user/1471954/htdocs/vendor/laravel/framework/src/Illuminate/Routing/Router.php(678): Illuminate\Routing\Router->runRouteWithinStack(Object(Illuminate\Routing\Route), Object(Illuminate\Http\Request))
#58 /data/54/1/46/34/1372197/user/1471954/htdocs/vendor/laravel/framework/src/Illuminate/Routing/Router.php(654): Illuminate\Routing\Router->dispatchToRoute(Object(Illuminate\Http\Request))
#59 /data/54/1/46/34/1372197/user/1471954/htdocs/vendor/laravel/framework/src/Illuminate/Foundation/Http/Kernel.php(246): Illuminate\Routing\Router->dispatch(Object(Illuminate\Http\Request))
#60 [internal function]: Illuminate\Foundation\Http\Kernel->Illuminate\Foundation\Http\{closure}(Object(Illuminate\Http\Request))
#61 /data/54/1/46/34/1372197/user/1471954/htdocs/vendor/laravel/framework/src/Illuminate/Routing/Pipeline.php(52): call_user_func(Object(Closure), Object(Illuminate\Http\Request))
#62 /data/54/1/46/34/1372197/user/1471954/htdocs/vendor/laravel/framework/src/Illuminate/Foundation/Http/Middleware/CheckForMaintenanceMode.php(44): Illuminate\Routing\Pipeline->Illuminate\Routing\{closure}(Object(Illuminate\Http\Request))
#63 [internal function]: Illuminate\Foundation\Http\Middleware\CheckForMaintenanceMode->handle(Object(Illuminate\Http\Request), Object(Closure))
#64 /data/54/1/46/34/1372197/user/1471954/htdocs/vendor/laravel/framework/src/Illuminate/Pipeline/Pipeline.php(124): call_user_func_array(Array, Array)
#65 [internal function]: Illuminate\Pipeline\Pipeline->Illuminate\Pipeline\{closure}(Object(Illuminate\Http\Request))
#66 /data/54/1/46/34/1372197/user/1471954/htdocs/vendor/laravel/framework/src/Illuminate/Routing/Pipeline.php(32): call_user_func(Object(Closure), Object(Illuminate\Http\Request))
#67 [internal function]: Illuminate\Routing\Pipeline->Illuminate\Routing\{closure}(Object(Illuminate\Http\Request))
#68 /data/54/1/46/34/1372197/user/1471954/htdocs/vendor/laravel/framework/src/Illuminate/Pipeline/Pipeline.php(103): call_user_func(Object(Closure), Object(Illuminate\Http\Request))
#69 /data/54/1/46/34/1372197/user/1471954/htdocs/vendor/laravel/framework/src/Illuminate/Foundation/Http/Kernel.php(132): Illuminate\Pipeline\Pipeline->then(Object(Closure))
#70 /data/54/1/46/34/1372197/user/1471954/htdocs/vendor/laravel/framework/src/Illuminate/Foundation/Http/Kernel.php(99): Illuminate\Foundation\Http\Kernel->sendRequestThroughRouter(Object(Illuminate\Http\Request))
#71 /data/54/1/46/34/1372197/user/1471954/htdocs/index.php(54): Illuminate\Foundation\Http\Kernel->handle(Object(Illuminate\Http\Request))
#72 {main}  
[2016-03-08 07:23:04] production.ERROR: exception 'Swift_TransportException' with message 'Connection could not be established with host mailtrap.io [Connection timed out #110]' in /data/54/1/46/34/1372197/user/1471954/htdocs/vendor/swiftmailer/swiftmailer/lib/classes/Swift/Transport/StreamBuffer.php:265
Stack trace:
#0 /data/54/1/46/34/1372197/user/1471954/htdocs/vendor/swiftmailer/swiftmailer/lib/classes/Swift/Transport/StreamBuffer.php(62): Swift_Transport_StreamBuffer->_establishSocketConnection()
#1 /data/54/1/46/34/1372197/user/1471954/htdocs/vendor/swiftmailer/swiftmailer/lib/classes/Swift/Transport/AbstractSmtpTransport.php(113): Swift_Transport_StreamBuffer->initialize(Array)
#2 /data/54/1/46/34/1372197/user/1471954/htdocs/vendor/swiftmailer/swiftmailer/lib/classes/Swift/Mailer.php(79): Swift_Transport_AbstractSmtpTransport->start()
#3 /data/54/1/46/34/1372197/user/1471954/htdocs/vendor/laravel/framework/src/Illuminate/Mail/Mailer.php(379): Swift_Mailer->send(Object(Swift_Message), Array)
#4 /data/54/1/46/34/1372197/user/1471954/htdocs/vendor/laravel/framework/src/Illuminate/Mail/Mailer.php(166): Illuminate\Mail\Mailer->sendSwiftMessage(Object(Swift_Message))
#5 /data/54/1/46/34/1372197/user/1471954/htdocs/vendor/laravel/framework/src/Illuminate/Support/Facades/Facade.php(222): Illuminate\Mail\Mailer->send('emails.contact', Array, Object(Closure))
#6 /data/54/1/46/34/1372197/user/1471954/htdocs/app/Handlers/Events/EmailContactForm.php(35): Illuminate\Support\Facades\Facade::__callStatic('send', Array)
#7 /data/54/1/46/34/1372197/user/1471954/htdocs/app/Handlers/Events/EmailContactForm.php(35): Illuminate\Support\Facades\Mail::send('emails.contact', Array, Object(Closure))
#8 [internal function]: App\Handlers\Events\EmailContactForm->handle(Object(App\Events\ContactFormValid))
#9 /data/54/1/46/34/1372197/user/1471954/htdocs/vendor/laravel/framework/src/Illuminate/Events/Dispatcher.php(348): call_user_func_array(Array, Array)
#10 [internal function]: Illuminate\Events\Dispatcher->Illuminate\Events\{closure}(Object(App\Events\ContactFormValid))
#11 /data/54/1/46/34/1372197/user/1471954/htdocs/vendor/laravel/framework/src/Illuminate/Events/Dispatcher.php(221): call_user_func_array(Object(Closure), Array)
#12 /data/54/1/46/34/1372197/user/1471954/htdocs/vendor/laravel/framework/src/Illuminate/Foundation/helpers.php(371): Illuminate\Events\Dispatcher->fire(Object(App\Events\ContactFormValid), Array, false)
#13 /data/54/1/46/34/1372197/user/1471954/htdocs/app/Http/Controllers/ContactController.php(29): event(Object(App\Events\ContactFormValid))
#14 [internal function]: App\Http\Controllers\ContactController->postStore(Object(App\Http\Requests\ContactFormRequest))
#15 /data/54/1/46/34/1372197/user/1471954/htdocs/vendor/laravel/framework/src/Illuminate/Routing/Controller.php(76): call_user_func_array(Array, Array)
#16 /data/54/1/46/34/1372197/user/1471954/htdocs/vendor/laravel/framework/src/Illuminate/Routing/ControllerDispatcher.php(146): Illuminate\Routing\Controller->callAction('postStore', Array)
#17 /data/54/1/46/34/1372197/user/1471954/htdocs/vendor/laravel/framework/src/Illuminate/Routing/ControllerDispatcher.php(94): Illuminate\Routing\ControllerDispatcher->call(Object(App\Http\Controllers\ContactController), Object(Illuminate\Routing\Route), 'postStore')
#18 [internal function]: Illuminate\Routing\ControllerDispatcher->Illuminate\Routing\{closure}(Object(Illuminate\Http\Request))
#19 /data/54/1/46/34/1372197/user/1471954/htdocs/vendor/laravel/framework/src/Illuminate/Routing/Pipeline.php(52): call_user_func(Object(Closure), Object(Illuminate\Http\Request))
#20 [internal function]: Illuminate\Routing\Pipeline->Illuminate\Routing\{closure}(Object(Illuminate\Http\Request))
#21 /data/54/1/46/34/1372197/user/1471954/htdocs/vendor/laravel/framework/src/Illuminate/Pipeline/Pipeline.php(103): call_user_func(Object(Closure), Object(Illuminate\Http\Request))
#22 /data/54/1/46/34/1372197/user/1471954/htdocs/vendor/laravel/framework/src/Illuminate/Routing/ControllerDispatcher.php(96): Illuminate\Pipeline\Pipeline->then(Object(Closure))
#23 /data/54/1/46/34/1372197/user/1471954/htdocs/vendor/laravel/framework/src/Illuminate/Routing/ControllerDispatcher.php(54): Illuminate\Routing\ControllerDispatcher->callWithinStack(Object(App\Http\Controllers\ContactController), Object(Illuminate\Routing\Route), Object(Illuminate\Http\Request), 'postStore')
#24 /data/54/1/46/34/1372197/user/1471954/htdocs/vendor/laravel/framework/src/Illuminate/Routing/Route.php(174): Illuminate\Routing\ControllerDispatcher->dispatch(Object(Illuminate\Routing\Route), Object(Illuminate\Http\Request), 'App\\Http\\Contro...', 'postStore')
#25 /data/54/1/46/34/1372197/user/1471954/htdocs/vendor/laravel/framework/src/Illuminate/Routing/Route.php(140): Illuminate\Routing\Route->runController(Object(Illuminate\Http\Request))
#26 /data/54/1/46/34/1372197/user/1471954/htdocs/vendor/laravel/framework/src/Illuminate/Routing/Router.php(703): Illuminate\Routing\Route->run(Object(Illuminate\Http\Request))
#27 [internal function]: Illuminate\Routing\Router->Illuminate\Routing\{closure}(Object(Illuminate\Http\Request))
#28 /data/54/1/46/34/1372197/user/1471954/htdocs/vendor/laravel/framework/src/Illuminate/Routing/Pipeline.php(52): call_user_func(Object(Closure), Object(Illuminate\Http\Request))
#29 /data/54/1/46/34/1372197/user/1471954/htdocs/vendor/laravel/framework/src/Illuminate/Foundation/Http/Middleware/VerifyCsrfToken.php(64): Illuminate\Routing\Pipeline->Illuminate\Routing\{closure}(Object(Illuminate\Http\Request))
#30 [internal function]: Illuminate\Foundation\Http\Middleware\VerifyCsrfToken->handle(Object(Illuminate\Http\Request), Object(Closure))
#31 /data/54/1/46/34/1372197/user/1471954/htdocs/vendor/laravel/framework/src/Illuminate/Pipeline/Pipeline.php(124): call_user_func_array(Array, Array)
#32 [internal function]: Illuminate\Pipeline\Pipeline->Illuminate\Pipeline\{closure}(Object(Illuminate\Http\Request))
#33 /data/54/1/46/34/1372197/user/1471954/htdocs/vendor/laravel/framework/src/Illuminate/Routing/Pipeline.php(32): call_user_func(Object(Closure), Object(Illuminate\Http\Request))
#34 /data/54/1/46/34/1372197/user/1471954/htdocs/vendor/laravel/framework/src/Illuminate/View/Middleware/ShareErrorsFromSession.php(49): Illuminate\Routing\Pipeline->Illuminate\Routing\{closure}(Object(Illuminate\Http\Request))
#35 [internal function]: Illuminate\View\Middleware\ShareErrorsFromSession->handle(Object(Illuminate\Http\Request), Object(Closure))
#36 /data/54/1/46/34/1372197/user/1471954/htdocs/vendor/laravel/framework/src/Illuminate/Pipeline/Pipeline.php(124): call_user_func_array(Array, Array)
#37 [internal function]: Illuminate\Pipeline\Pipeline->Illuminate\Pipeline\{closure}(Object(Illuminate\Http\Request))
#38 /data/54/1/46/34/1372197/user/1471954/htdocs/vendor/laravel/framework/src/Illuminate/Routing/Pipeline.php(32): call_user_func(Object(Closure), Object(Illuminate\Http\Request))
#39 /data/54/1/46/34/1372197/user/1471954/htdocs/vendor/laravel/framework/src/Illuminate/Session/Middleware/StartSession.php(62): Illuminate\Routing\Pipeline->Illuminate\Routing\{closure}(Object(Illuminate\Http\Request))
#40 [internal function]: Illuminate\Session\Middleware\StartSession->handle(Object(Illuminate\Http\Request), Object(Closure))
#41 /data/54/1/46/34/1372197/user/1471954/htdocs/vendor/laravel/framework/src/Illuminate/Pipeline/Pipeline.php(124): call_user_func_array(Array, Array)
#42 [internal function]: Illuminate\Pipeline\Pipeline->Illuminate\Pipeline\{closure}(Object(Illuminate\Http\Request))
#43 /data/54/1/46/34/1372197/user/1471954/htdocs/vendor/laravel/framework/src/Illuminate/Routing/Pipeline.php(32): call_user_func(Object(Closure), Object(Illuminate\Http\Request))
#44 /data/54/1/46/34/1372197/user/1471954/htdocs/vendor/laravel/framework/src/Illuminate/Cookie/Middleware/AddQueuedCookiesToResponse.php(37): Illuminate\Routing\Pipeline->Illuminate\Routing\{closure}(Object(Illuminate\Http\Request))
#45 [internal function]: Illuminate\Cookie\Middleware\AddQueuedCookiesToResponse->handle(Object(Illuminate\Http\Request), Object(Closure))
#46 /data/54/1/46/34/1372197/user/1471954/htdocs/vendor/laravel/framework/src/Illuminate/Pipeline/Pipeline.php(124): call_user_func_array(Array, Array)
#47 [internal function]: Illuminate\Pipeline\Pipeline->Illuminate\Pipeline\{closure}(Object(Illuminate\Http\Request))
#48 /data/54/1/46/34/1372197/user/1471954/htdocs/vendor/laravel/framework/src/Illuminate/Routing/Pipeline.php(32): call_user_func(Object(Closure), Object(Illuminate\Http\Request))
#49 /data/54/1/46/34/1372197/user/1471954/htdocs/vendor/laravel/framework/src/Illuminate/Cookie/Middleware/EncryptCookies.php(59): Illuminate\Routing\Pipeline->Illuminate\Routing\{closure}(Object(Illuminate\Http\Request))
#50 [internal function]: Illuminate\Cookie\Middleware\EncryptCookies->handle(Object(Illuminate\Http\Request), Object(Closure))
#51 /data/54/1/46/34/1372197/user/1471954/htdocs/vendor/laravel/framework/src/Illuminate/Pipeline/Pipeline.php(124): call_user_func_array(Array, Array)
#52 [internal function]: Illuminate\Pipeline\Pipeline->Illuminate\Pipeline\{closure}(Object(Illuminate\Http\Request))
#53 /data/54/1/46/34/1372197/user/1471954/htdocs/vendor/laravel/framework/src/Illuminate/Routing/Pipeline.php(32): call_user_func(Object(Closure), Object(Illuminate\Http\Request))
#54 [internal function]: Illuminate\Routing\Pipeline->Illuminate\Routing\{closure}(Object(Illuminate\Http\Request))
#55 /data/54/1/46/34/1372197/user/1471954/htdocs/vendor/laravel/framework/src/Illuminate/Pipeline/Pipeline.php(103): call_user_func(Object(Closure), Object(Illuminate\Http\Request))
#56 /data/54/1/46/34/1372197/user/1471954/htdocs/vendor/laravel/framework/src/Illuminate/Routing/Router.php(705): Illuminate\Pipeline\Pipeline->then(Object(Closure))
#57 /data/54/1/46/34/1372197/user/1471954/htdocs/vendor/laravel/framework/src/Illuminate/Routing/Router.php(678): Illuminate\Routing\Router->runRouteWithinStack(Object(Illuminate\Routing\Route), Object(Illuminate\Http\Request))
#58 /data/54/1/46/34/1372197/user/1471954/htdocs/vendor/laravel/framework/src/Illuminate/Routing/Router.php(654): Illuminate\Routing\Router->dispatchToRoute(Object(Illuminate\Http\Request))
#59 /data/54/1/46/34/1372197/user/1471954/htdocs/vendor/laravel/framework/src/Illuminate/Foundation/Http/Kernel.php(246): Illuminate\Routing\Router->dispatch(Object(Illuminate\Http\Request))
#60 [internal function]: Illuminate\Foundation\Http\Kernel->Illuminate\Foundation\Http\{closure}(Object(Illuminate\Http\Request))
#61 /data/54/1/46/34/1372197/user/1471954/htdocs/vendor/laravel/framework/src/Illuminate/Routing/Pipeline.php(52): call_user_func(Object(Closure), Object(Illuminate\Http\Request))
#62 /data/54/1/46/34/1372197/user/1471954/htdocs/vendor/laravel/framework/src/Illuminate/Foundation/Http/Middleware/CheckForMaintenanceMode.php(44): Illuminate\Routing\Pipeline->Illuminate\Routing\{closure}(Object(Illuminate\Http\Request))
#63 [internal function]: Illuminate\Foundation\Http\Middleware\CheckForMaintenanceMode->handle(Object(Illuminate\Http\Request), Object(Closure))
#64 /data/54/1/46/34/1372197/user/1471954/htdocs/vendor/laravel/framework/src/Illuminate/Pipeline/Pipeline.php(124): call_user_func_array(Array, Array)
#65 [internal function]: Illuminate\Pipeline\Pipeline->Illuminate\Pipeline\{closure}(Object(Illuminate\Http\Request))
#66 /data/54/1/46/34/1372197/user/1471954/htdocs/vendor/laravel/framework/src/Illuminate/Routing/Pipeline.php(32): call_user_func(Object(Closure), Object(Illuminate\Http\Request))
#67 [internal function]: Illuminate\Routing\Pipeline->Illuminate\Routing\{closure}(Object(Illuminate\Http\Request))
#68 /data/54/1/46/34/1372197/user/1471954/htdocs/vendor/laravel/framework/src/Illuminate/Pipeline/Pipeline.php(103): call_user_func(Object(Closure), Object(Illuminate\Http\Request))
#69 /data/54/1/46/34/1372197/user/1471954/htdocs/vendor/laravel/framework/src/Illuminate/Foundation/Http/Kernel.php(132): Illuminate\Pipeline\Pipeline->then(Object(Closure))
#70 /data/54/1/46/34/1372197/user/1471954/htdocs/vendor/laravel/framework/src/Illuminate/Foundation/Http/Kernel.php(99): Illuminate\Foundation\Http\Kernel->sendRequestThroughRouter(Object(Illuminate\Http\Request))
#71 /data/54/1/46/34/1372197/user/1471954/htdocs/index.php(54): Illuminate\Foundation\Http\Kernel->handle(Object(Illuminate\Http\Request))
#72 {main}  
[2016-03-08 07:23:55] production.ERROR: exception 'Swift_TransportException' with message 'Connection could not be established with host mailtrap.io [Connection timed out #110]' in /data/54/1/46/34/1372197/user/1471954/htdocs/vendor/swiftmailer/swiftmailer/lib/classes/Swift/Transport/StreamBuffer.php:265
Stack trace:
#0 /data/54/1/46/34/1372197/user/1471954/htdocs/vendor/swiftmailer/swiftmailer/lib/classes/Swift/Transport/StreamBuffer.php(62): Swift_Transport_StreamBuffer->_establishSocketConnection()
#1 /data/54/1/46/34/1372197/user/1471954/htdocs/vendor/swiftmailer/swiftmailer/lib/classes/Swift/Transport/AbstractSmtpTransport.php(113): Swift_Transport_StreamBuffer->initialize(Array)
#2 /data/54/1/46/34/1372197/user/1471954/htdocs/vendor/swiftmailer/swiftmailer/lib/classes/Swift/Mailer.php(79): Swift_Transport_AbstractSmtpTransport->start()
#3 /data/54/1/46/34/1372197/user/1471954/htdocs/vendor/laravel/framework/src/Illuminate/Mail/Mailer.php(379): Swift_Mailer->send(Object(Swift_Message), Array)
#4 /data/54/1/46/34/1372197/user/1471954/htdocs/vendor/laravel/framework/src/Illuminate/Mail/Mailer.php(166): Illuminate\Mail\Mailer->sendSwiftMessage(Object(Swift_Message))
#5 /data/54/1/46/34/1372197/user/1471954/htdocs/vendor/laravel/framework/src/Illuminate/Support/Facades/Facade.php(222): Illuminate\Mail\Mailer->send('emails.contact', Array, Object(Closure))
#6 /data/54/1/46/34/1372197/user/1471954/htdocs/app/Handlers/Events/EmailContactForm.php(35): Illuminate\Support\Facades\Facade::__callStatic('send', Array)
#7 /data/54/1/46/34/1372197/user/1471954/htdocs/app/Handlers/Events/EmailContactForm.php(35): Illuminate\Support\Facades\Mail::send('emails.contact', Array, Object(Closure))
#8 [internal function]: App\Handlers\Events\EmailContactForm->handle(Object(App\Events\ContactFormValid))
#9 /data/54/1/46/34/1372197/user/1471954/htdocs/vendor/laravel/framework/src/Illuminate/Events/Dispatcher.php(348): call_user_func_array(Array, Array)
#10 [internal function]: Illuminate\Events\Dispatcher->Illuminate\Events\{closure}(Object(App\Events\ContactFormValid))
#11 /data/54/1/46/34/1372197/user/1471954/htdocs/vendor/laravel/framework/src/Illuminate/Events/Dispatcher.php(221): call_user_func_array(Object(Closure), Array)
#12 /data/54/1/46/34/1372197/user/1471954/htdocs/vendor/laravel/framework/src/Illuminate/Foundation/helpers.php(371): Illuminate\Events\Dispatcher->fire(Object(App\Events\ContactFormValid), Array, false)
#13 /data/54/1/46/34/1372197/user/1471954/htdocs/app/Http/Controllers/ContactController.php(29): event(Object(App\Events\ContactFormValid))
#14 [internal function]: App\Http\Controllers\ContactController->postStore(Object(App\Http\Requests\ContactFormRequest))
#15 /data/54/1/46/34/1372197/user/1471954/htdocs/vendor/laravel/framework/src/Illuminate/Routing/Controller.php(76): call_user_func_array(Array, Array)
#16 /data/54/1/46/34/1372197/user/1471954/htdocs/vendor/laravel/framework/src/Illuminate/Routing/ControllerDispatcher.php(146): Illuminate\Routing\Controller->callAction('postStore', Array)
#17 /data/54/1/46/34/1372197/user/1471954/htdocs/vendor/laravel/framework/src/Illuminate/Routing/ControllerDispatcher.php(94): Illuminate\Routing\ControllerDispatcher->call(Object(App\Http\Controllers\ContactController), Object(Illuminate\Routing\Route), 'postStore')
#18 [internal function]: Illuminate\Routing\ControllerDispatcher->Illuminate\Routing\{closure}(Object(Illuminate\Http\Request))
#19 /data/54/1/46/34/1372197/user/1471954/htdocs/vendor/laravel/framework/src/Illuminate/Routing/Pipeline.php(52): call_user_func(Object(Closure), Object(Illuminate\Http\Request))
#20 [internal function]: Illuminate\Routing\Pipeline->Illuminate\Routing\{closure}(Object(Illuminate\Http\Request))
#21 /data/54/1/46/34/1372197/user/1471954/htdocs/vendor/laravel/framework/src/Illuminate/Pipeline/Pipeline.php(103): call_user_func(Object(Closure), Object(Illuminate\Http\Request))
#22 /data/54/1/46/34/1372197/user/1471954/htdocs/vendor/laravel/framework/src/Illuminate/Routing/ControllerDispatcher.php(96): Illuminate\Pipeline\Pipeline->then(Object(Closure))
#23 /data/54/1/46/34/1372197/user/1471954/htdocs/vendor/laravel/framework/src/Illuminate/Routing/ControllerDispatcher.php(54): Illuminate\Routing\ControllerDispatcher->callWithinStack(Object(App\Http\Controllers\ContactController), Object(Illuminate\Routing\Route), Object(Illuminate\Http\Request), 'postStore')
#24 /data/54/1/46/34/1372197/user/1471954/htdocs/vendor/laravel/framework/src/Illuminate/Routing/Route.php(174): Illuminate\Routing\ControllerDispatcher->dispatch(Object(Illuminate\Routing\Route), Object(Illuminate\Http\Request), 'App\\Http\\Contro...', 'postStore')
#25 /data/54/1/46/34/1372197/user/1471954/htdocs/vendor/laravel/framework/src/Illuminate/Routing/Route.php(140): Illuminate\Routing\Route->runController(Object(Illuminate\Http\Request))
#26 /data/54/1/46/34/1372197/user/1471954/htdocs/vendor/laravel/framework/src/Illuminate/Routing/Router.php(703): Illuminate\Routing\Route->run(Object(Illuminate\Http\Request))
#27 [internal function]: Illuminate\Routing\Router->Illuminate\Routing\{closure}(Object(Illuminate\Http\Request))
#28 /data/54/1/46/34/1372197/user/1471954/htdocs/vendor/laravel/framework/src/Illuminate/Routing/Pipeline.php(52): call_user_func(Object(Closure), Object(Illuminate\Http\Request))
#29 /data/54/1/46/34/1372197/user/1471954/htdocs/vendor/laravel/framework/src/Illuminate/Foundation/Http/Middleware/VerifyCsrfToken.php(64): Illuminate\Routing\Pipeline->Illuminate\Routing\{closure}(Object(Illuminate\Http\Request))
#30 [internal function]: Illuminate\Foundation\Http\Middleware\VerifyCsrfToken->handle(Object(Illuminate\Http\Request), Object(Closure))
#31 /data/54/1/46/34/1372197/user/1471954/htdocs/vendor/laravel/framework/src/Illuminate/Pipeline/Pipeline.php(124): call_user_func_array(Array, Array)
#32 [internal function]: Illuminate\Pipeline\Pipeline->Illuminate\Pipeline\{closure}(Object(Illuminate\Http\Request))
#33 /data/54/1/46/34/1372197/user/1471954/htdocs/vendor/laravel/framework/src/Illuminate/Routing/Pipeline.php(32): call_user_func(Object(Closure), Object(Illuminate\Http\Request))
#34 /data/54/1/46/34/1372197/user/1471954/htdocs/vendor/laravel/framework/src/Illuminate/View/Middleware/ShareErrorsFromSession.php(49): Illuminate\Routing\Pipeline->Illuminate\Routing\{closure}(Object(Illuminate\Http\Request))
#35 [internal function]: Illuminate\View\Middleware\ShareErrorsFromSession->handle(Object(Illuminate\Http\Request), Object(Closure))
#36 /data/54/1/46/34/1372197/user/1471954/htdocs/vendor/laravel/framework/src/Illuminate/Pipeline/Pipeline.php(124): call_user_func_array(Array, Array)
#37 [internal function]: Illuminate\Pipeline\Pipeline->Illuminate\Pipeline\{closure}(Object(Illuminate\Http\Request))
#38 /data/54/1/46/34/1372197/user/1471954/htdocs/vendor/laravel/framework/src/Illuminate/Routing/Pipeline.php(32): call_user_func(Object(Closure), Object(Illuminate\Http\Request))
#39 /data/54/1/46/34/1372197/user/1471954/htdocs/vendor/laravel/framework/src/Illuminate/Session/Middleware/StartSession.php(62): Illuminate\Routing\Pipeline->Illuminate\Routing\{closure}(Object(Illuminate\Http\Request))
#40 [internal function]: Illuminate\Session\Middleware\StartSession->handle(Object(Illuminate\Http\Request), Object(Closure))
#41 /data/54/1/46/34/1372197/user/1471954/htdocs/vendor/laravel/framework/src/Illuminate/Pipeline/Pipeline.php(124): call_user_func_array(Array, Array)
#42 [internal function]: Illuminate\Pipeline\Pipeline->Illuminate\Pipeline\{closure}(Object(Illuminate\Http\Request))
#43 /data/54/1/46/34/1372197/user/1471954/htdocs/vendor/laravel/framework/src/Illuminate/Routing/Pipeline.php(32): call_user_func(Object(Closure), Object(Illuminate\Http\Request))
#44 /data/54/1/46/34/1372197/user/1471954/htdocs/vendor/laravel/framework/src/Illuminate/Cookie/Middleware/AddQueuedCookiesToResponse.php(37): Illuminate\Routing\Pipeline->Illuminate\Routing\{closure}(Object(Illuminate\Http\Request))
#45 [internal function]: Illuminate\Cookie\Middleware\AddQueuedCookiesToResponse->handle(Object(Illuminate\Http\Request), Object(Closure))
#46 /data/54/1/46/34/1372197/user/1471954/htdocs/vendor/laravel/framework/src/Illuminate/Pipeline/Pipeline.php(124): call_user_func_array(Array, Array)
#47 [internal function]: Illuminate\Pipeline\Pipeline->Illuminate\Pipeline\{closure}(Object(Illuminate\Http\Request))
#48 /data/54/1/46/34/1372197/user/1471954/htdocs/vendor/laravel/framework/src/Illuminate/Routing/Pipeline.php(32): call_user_func(Object(Closure), Object(Illuminate\Http\Request))
#49 /data/54/1/46/34/1372197/user/1471954/htdocs/vendor/laravel/framework/src/Illuminate/Cookie/Middleware/EncryptCookies.php(59): Illuminate\Routing\Pipeline->Illuminate\Routing\{closure}(Object(Illuminate\Http\Request))
#50 [internal function]: Illuminate\Cookie\Middleware\EncryptCookies->handle(Object(Illuminate\Http\Request), Object(Closure))
#51 /data/54/1/46/34/1372197/user/1471954/htdocs/vendor/laravel/framework/src/Illuminate/Pipeline/Pipeline.php(124): call_user_func_array(Array, Array)
#52 [internal function]: Illuminate\Pipeline\Pipeline->Illuminate\Pipeline\{closure}(Object(Illuminate\Http\Request))
#53 /data/54/1/46/34/1372197/user/1471954/htdocs/vendor/laravel/framework/src/Illuminate/Routing/Pipeline.php(32): call_user_func(Object(Closure), Object(Illuminate\Http\Request))
#54 [internal function]: Illuminate\Routing\Pipeline->Illuminate\Routing\{closure}(Object(Illuminate\Http\Request))
#55 /data/54/1/46/34/1372197/user/1471954/htdocs/vendor/laravel/framework/src/Illuminate/Pipeline/Pipeline.php(103): call_user_func(Object(Closure), Object(Illuminate\Http\Request))
#56 /data/54/1/46/34/1372197/user/1471954/htdocs/vendor/laravel/framework/src/Illuminate/Routing/Router.php(705): Illuminate\Pipeline\Pipeline->then(Object(Closure))
#57 /data/54/1/46/34/1372197/user/1471954/htdocs/vendor/laravel/framework/src/Illuminate/Routing/Router.php(678): Illuminate\Routing\Router->runRouteWithinStack(Object(Illuminate\Routing\Route), Object(Illuminate\Http\Request))
#58 /data/54/1/46/34/1372197/user/1471954/htdocs/vendor/laravel/framework/src/Illuminate/Routing/Router.php(654): Illuminate\Routing\Router->dispatchToRoute(Object(Illuminate\Http\Request))
#59 /data/54/1/46/34/1372197/user/1471954/htdocs/vendor/laravel/framework/src/Illuminate/Foundation/Http/Kernel.php(246): Illuminate\Routing\Router->dispatch(Object(Illuminate\Http\Request))
#60 [internal function]: Illuminate\Foundation\Http\Kernel->Illuminate\Foundation\Http\{closure}(Object(Illuminate\Http\Request))
#61 /data/54/1/46/34/1372197/user/1471954/htdocs/vendor/laravel/framework/src/Illuminate/Routing/Pipeline.php(52): call_user_func(Object(Closure), Object(Illuminate\Http\Request))
#62 /data/54/1/46/34/1372197/user/1471954/htdocs/vendor/laravel/framework/src/Illuminate/Foundation/Http/Middleware/CheckForMaintenanceMode.php(44): Illuminate\Routing\Pipeline->Illuminate\Routing\{closure}(Object(Illuminate\Http\Request))
#63 [internal function]: Illuminate\Foundation\Http\Middleware\CheckForMaintenanceMode->handle(Object(Illuminate\Http\Request), Object(Closure))
#64 /data/54/1/46/34/1372197/user/1471954/htdocs/vendor/laravel/framework/src/Illuminate/Pipeline/Pipeline.php(124): call_user_func_array(Array, Array)
#65 [internal function]: Illuminate\Pipeline\Pipeline->Illuminate\Pipeline\{closure}(Object(Illuminate\Http\Request))
#66 /data/54/1/46/34/1372197/user/1471954/htdocs/vendor/laravel/framework/src/Illuminate/Routing/Pipeline.php(32): call_user_func(Object(Closure), Object(Illuminate\Http\Request))
#67 [internal function]: Illuminate\Routing\Pipeline->Illuminate\Routing\{closure}(Object(Illuminate\Http\Request))
#68 /data/54/1/46/34/1372197/user/1471954/htdocs/vendor/laravel/framework/src/Illuminate/Pipeline/Pipeline.php(103): call_user_func(Object(Closure), Object(Illuminate\Http\Request))
#69 /data/54/1/46/34/1372197/user/1471954/htdocs/vendor/laravel/framework/src/Illuminate/Foundation/Http/Kernel.php(132): Illuminate\Pipeline\Pipeline->then(Object(Closure))
#70 /data/54/1/46/34/1372197/user/1471954/htdocs/vendor/laravel/framework/src/Illuminate/Foundation/Http/Kernel.php(99): Illuminate\Foundation\Http\Kernel->sendRequestThroughRouter(Object(Illuminate\Http\Request))
#71 /data/54/1/46/34/1372197/user/1471954/htdocs/index.php(54): Illuminate\Foundation\Http\Kernel->handle(Object(Illuminate\Http\Request))
#72 {main}  
[2016-03-08 07:49:36] production.ERROR: exception 'Swift_TransportException' with message 'Connection could not be established with host mailtrap.io [Connection timed out #110]' in /data/54/1/46/34/1372197/user/1471954/htdocs/vendor/swiftmailer/swiftmailer/lib/classes/Swift/Transport/StreamBuffer.php:265
Stack trace:
#0 /data/54/1/46/34/1372197/user/1471954/htdocs/vendor/swiftmailer/swiftmailer/lib/classes/Swift/Transport/StreamBuffer.php(62): Swift_Transport_StreamBuffer->_establishSocketConnection()
#1 /data/54/1/46/34/1372197/user/1471954/htdocs/vendor/swiftmailer/swiftmailer/lib/classes/Swift/Transport/AbstractSmtpTransport.php(113): Swift_Transport_StreamBuffer->initialize(Array)
#2 /data/54/1/46/34/1372197/user/1471954/htdocs/vendor/swiftmailer/swiftmailer/lib/classes/Swift/Mailer.php(79): Swift_Transport_AbstractSmtpTransport->start()
#3 /data/54/1/46/34/1372197/user/1471954/htdocs/vendor/laravel/framework/src/Illuminate/Mail/Mailer.php(379): Swift_Mailer->send(Object(Swift_Message), Array)
#4 /data/54/1/46/34/1372197/user/1471954/htdocs/vendor/laravel/framework/src/Illuminate/Mail/Mailer.php(166): Illuminate\Mail\Mailer->sendSwiftMessage(Object(Swift_Message))
#5 /data/54/1/46/34/1372197/user/1471954/htdocs/vendor/laravel/framework/src/Illuminate/Support/Facades/Facade.php(222): Illuminate\Mail\Mailer->send('emails.contact', Array, Object(Closure))
#6 /data/54/1/46/34/1372197/user/1471954/htdocs/app/Handlers/Events/EmailContactForm.php(35): Illuminate\Support\Facades\Facade::__callStatic('send', Array)
#7 /data/54/1/46/34/1372197/user/1471954/htdocs/app/Handlers/Events/EmailContactForm.php(35): Illuminate\Support\Facades\Mail::send('emails.contact', Array, Object(Closure))
#8 [internal function]: App\Handlers\Events\EmailContactForm->handle(Object(App\Events\ContactFormValid))
#9 /data/54/1/46/34/1372197/user/1471954/htdocs/vendor/laravel/framework/src/Illuminate/Events/Dispatcher.php(348): call_user_func_array(Array, Array)
#10 [internal function]: Illuminate\Events\Dispatcher->Illuminate\Events\{closure}(Object(App\Events\ContactFormValid))
#11 /data/54/1/46/34/1372197/user/1471954/htdocs/vendor/laravel/framework/src/Illuminate/Events/Dispatcher.php(221): call_user_func_array(Object(Closure), Array)
#12 /data/54/1/46/34/1372197/user/1471954/htdocs/vendor/laravel/framework/src/Illuminate/Foundation/helpers.php(371): Illuminate\Events\Dispatcher->fire(Object(App\Events\ContactFormValid), Array, false)
#13 /data/54/1/46/34/1372197/user/1471954/htdocs/app/Http/Controllers/ContactController.php(29): event(Object(App\Events\ContactFormValid))
#14 [internal function]: App\Http\Controllers\ContactController->postStore(Object(App\Http\Requests\ContactFormRequest))
#15 /data/54/1/46/34/1372197/user/1471954/htdocs/vendor/laravel/framework/src/Illuminate/Routing/Controller.php(76): call_user_func_array(Array, Array)
#16 /data/54/1/46/34/1372197/user/1471954/htdocs/vendor/laravel/framework/src/Illuminate/Routing/ControllerDispatcher.php(146): Illuminate\Routing\Controller->callAction('postStore', Array)
#17 /data/54/1/46/34/1372197/user/1471954/htdocs/vendor/laravel/framework/src/Illuminate/Routing/ControllerDispatcher.php(94): Illuminate\Routing\ControllerDispatcher->call(Object(App\Http\Controllers\ContactController), Object(Illuminate\Routing\Route), 'postStore')
#18 [internal function]: Illuminate\Routing\ControllerDispatcher->Illuminate\Routing\{closure}(Object(Illuminate\Http\Request))
#19 /data/54/1/46/34/1372197/user/1471954/htdocs/vendor/laravel/framework/src/Illuminate/Routing/Pipeline.php(52): call_user_func(Object(Closure), Object(Illuminate\Http\Request))
#20 [internal function]: Illuminate\Routing\Pipeline->Illuminate\Routing\{closure}(Object(Illuminate\Http\Request))
#21 /data/54/1/46/34/1372197/user/1471954/htdocs/vendor/laravel/framework/src/Illuminate/Pipeline/Pipeline.php(103): call_user_func(Object(Closure), Object(Illuminate\Http\Request))
#22 /data/54/1/46/34/1372197/user/1471954/htdocs/vendor/laravel/framework/src/Illuminate/Routing/ControllerDispatcher.php(96): Illuminate\Pipeline\Pipeline->then(Object(Closure))
#23 /data/54/1/46/34/1372197/user/1471954/htdocs/vendor/laravel/framework/src/Illuminate/Routing/ControllerDispatcher.php(54): Illuminate\Routing\ControllerDispatcher->callWithinStack(Object(App\Http\Controllers\ContactController), Object(Illuminate\Routing\Route), Object(Illuminate\Http\Request), 'postStore')
#24 /data/54/1/46/34/1372197/user/1471954/htdocs/vendor/laravel/framework/src/Illuminate/Routing/Route.php(174): Illuminate\Routing\ControllerDispatcher->dispatch(Object(Illuminate\Routing\Route), Object(Illuminate\Http\Request), 'App\\Http\\Contro...', 'postStore')
#25 /data/54/1/46/34/1372197/user/1471954/htdocs/vendor/laravel/framework/src/Illuminate/Routing/Route.php(140): Illuminate\Routing\Route->runController(Object(Illuminate\Http\Request))
#26 /data/54/1/46/34/1372197/user/1471954/htdocs/vendor/laravel/framework/src/Illuminate/Routing/Router.php(703): Illuminate\Routing\Route->run(Object(Illuminate\Http\Request))
#27 [internal function]: Illuminate\Routing\Router->Illuminate\Routing\{closure}(Object(Illuminate\Http\Request))
#28 /data/54/1/46/34/1372197/user/1471954/htdocs/vendor/laravel/framework/src/Illuminate/Routing/Pipeline.php(52): call_user_func(Object(Closure), Object(Illuminate\Http\Request))
#29 /data/54/1/46/34/1372197/user/1471954/htdocs/vendor/laravel/framework/src/Illuminate/Foundation/Http/Middleware/VerifyCsrfToken.php(64): Illuminate\Routing\Pipeline->Illuminate\Routing\{closure}(Object(Illuminate\Http\Request))
#30 [internal function]: Illuminate\Foundation\Http\Middleware\VerifyCsrfToken->handle(Object(Illuminate\Http\Request), Object(Closure))
#31 /data/54/1/46/34/1372197/user/1471954/htdocs/vendor/laravel/framework/src/Illuminate/Pipeline/Pipeline.php(124): call_user_func_array(Array, Array)
#32 [internal function]: Illuminate\Pipeline\Pipeline->Illuminate\Pipeline\{closure}(Object(Illuminate\Http\Request))
#33 /data/54/1/46/34/1372197/user/1471954/htdocs/vendor/laravel/framework/src/Illuminate/Routing/Pipeline.php(32): call_user_func(Object(Closure), Object(Illuminate\Http\Request))
#34 /data/54/1/46/34/1372197/user/1471954/htdocs/vendor/laravel/framework/src/Illuminate/View/Middleware/ShareErrorsFromSession.php(49): Illuminate\Routing\Pipeline->Illuminate\Routing\{closure}(Object(Illuminate\Http\Request))
#35 [internal function]: Illuminate\View\Middleware\ShareErrorsFromSession->handle(Object(Illuminate\Http\Request), Object(Closure))
#36 /data/54/1/46/34/1372197/user/1471954/htdocs/vendor/laravel/framework/src/Illuminate/Pipeline/Pipeline.php(124): call_user_func_array(Array, Array)
#37 [internal function]: Illuminate\Pipeline\Pipeline->Illuminate\Pipeline\{closure}(Object(Illuminate\Http\Request))
#38 /data/54/1/46/34/1372197/user/1471954/htdocs/vendor/laravel/framework/src/Illuminate/Routing/Pipeline.php(32): call_user_func(Object(Closure), Object(Illuminate\Http\Request))
#39 /data/54/1/46/34/1372197/user/1471954/htdocs/vendor/laravel/framework/src/Illuminate/Session/Middleware/StartSession.php(62): Illuminate\Routing\Pipeline->Illuminate\Routing\{closure}(Object(Illuminate\Http\Request))
#40 [internal function]: Illuminate\Session\Middleware\StartSession->handle(Object(Illuminate\Http\Request), Object(Closure))
#41 /data/54/1/46/34/1372197/user/1471954/htdocs/vendor/laravel/framework/src/Illuminate/Pipeline/Pipeline.php(124): call_user_func_array(Array, Array)
#42 [internal function]: Illuminate\Pipeline\Pipeline->Illuminate\Pipeline\{closure}(Object(Illuminate\Http\Request))
#43 /data/54/1/46/34/1372197/user/1471954/htdocs/vendor/laravel/framework/src/Illuminate/Routing/Pipeline.php(32): call_user_func(Object(Closure), Object(Illuminate\Http\Request))
#44 /data/54/1/46/34/1372197/user/1471954/htdocs/vendor/laravel/framework/src/Illuminate/Cookie/Middleware/AddQueuedCookiesToResponse.php(37): Illuminate\Routing\Pipeline->Illuminate\Routing\{closure}(Object(Illuminate\Http\Request))
#45 [internal function]: Illuminate\Cookie\Middleware\AddQueuedCookiesToResponse->handle(Object(Illuminate\Http\Request), Object(Closure))
#46 /data/54/1/46/34/1372197/user/1471954/htdocs/vendor/laravel/framework/src/Illuminate/Pipeline/Pipeline.php(124): call_user_func_array(Array, Array)
#47 [internal function]: Illuminate\Pipeline\Pipeline->Illuminate\Pipeline\{closure}(Object(Illuminate\Http\Request))
#48 /data/54/1/46/34/1372197/user/1471954/htdocs/vendor/laravel/framework/src/Illuminate/Routing/Pipeline.php(32): call_user_func(Object(Closure), Object(Illuminate\Http\Request))
#49 /data/54/1/46/34/1372197/user/1471954/htdocs/vendor/laravel/framework/src/Illuminate/Cookie/Middleware/EncryptCookies.php(59): Illuminate\Routing\Pipeline->Illuminate\Routing\{closure}(Object(Illuminate\Http\Request))
#50 [internal function]: Illuminate\Cookie\Middleware\EncryptCookies->handle(Object(Illuminate\Http\Request), Object(Closure))
#51 /data/54/1/46/34/1372197/user/1471954/htdocs/vendor/laravel/framework/src/Illuminate/Pipeline/Pipeline.php(124): call_user_func_array(Array, Array)
#52 [internal function]: Illuminate\Pipeline\Pipeline->Illuminate\Pipeline\{closure}(Object(Illuminate\Http\Request))
#53 /data/54/1/46/34/1372197/user/1471954/htdocs/vendor/laravel/framework/src/Illuminate/Routing/Pipeline.php(32): call_user_func(Object(Closure), Object(Illuminate\Http\Request))
#54 [internal function]: Illuminate\Routing\Pipeline->Illuminate\Routing\{closure}(Object(Illuminate\Http\Request))
#55 /data/54/1/46/34/1372197/user/1471954/htdocs/vendor/laravel/framework/src/Illuminate/Pipeline/Pipeline.php(103): call_user_func(Object(Closure), Object(Illuminate\Http\Request))
#56 /data/54/1/46/34/1372197/user/1471954/htdocs/vendor/laravel/framework/src/Illuminate/Routing/Router.php(705): Illuminate\Pipeline\Pipeline->then(Object(Closure))
#57 /data/54/1/46/34/1372197/user/1471954/htdocs/vendor/laravel/framework/src/Illuminate/Routing/Router.php(678): Illuminate\Routing\Router->runRouteWithinStack(Object(Illuminate\Routing\Route), Object(Illuminate\Http\Request))
#58 /data/54/1/46/34/1372197/user/1471954/htdocs/vendor/laravel/framework/src/Illuminate/Routing/Router.php(654): Illuminate\Routing\Router->dispatchToRoute(Object(Illuminate\Http\Request))
#59 /data/54/1/46/34/1372197/user/1471954/htdocs/vendor/laravel/framework/src/Illuminate/Foundation/Http/Kernel.php(246): Illuminate\Routing\Router->dispatch(Object(Illuminate\Http\Request))
#60 [internal function]: Illuminate\Foundation\Http\Kernel->Illuminate\Foundation\Http\{closure}(Object(Illuminate\Http\Request))
#61 /data/54/1/46/34/1372197/user/1471954/htdocs/vendor/laravel/framework/src/Illuminate/Routing/Pipeline.php(52): call_user_func(Object(Closure), Object(Illuminate\Http\Request))
#62 /data/54/1/46/34/1372197/user/1471954/htdocs/vendor/laravel/framework/src/Illuminate/Foundation/Http/Middleware/CheckForMaintenanceMode.php(44): Illuminate\Routing\Pipeline->Illuminate\Routing\{closure}(Object(Illuminate\Http\Request))
#63 [internal function]: Illuminate\Foundation\Http\Middleware\CheckForMaintenanceMode->handle(Object(Illuminate\Http\Request), Object(Closure))
#64 /data/54/1/46/34/1372197/user/1471954/htdocs/vendor/laravel/framework/src/Illuminate/Pipeline/Pipeline.php(124): call_user_func_array(Array, Array)
#65 [internal function]: Illuminate\Pipeline\Pipeline->Illuminate\Pipeline\{closure}(Object(Illuminate\Http\Request))
#66 /data/54/1/46/34/1372197/user/1471954/htdocs/vendor/laravel/framework/src/Illuminate/Routing/Pipeline.php(32): call_user_func(Object(Closure), Object(Illuminate\Http\Request))
#67 [internal function]: Illuminate\Routing\Pipeline->Illuminate\Routing\{closure}(Object(Illuminate\Http\Request))
#68 /data/54/1/46/34/1372197/user/1471954/htdocs/vendor/laravel/framework/src/Illuminate/Pipeline/Pipeline.php(103): call_user_func(Object(Closure), Object(Illuminate\Http\Request))
#69 /data/54/1/46/34/1372197/user/1471954/htdocs/vendor/laravel/framework/src/Illuminate/Foundation/Http/Kernel.php(132): Illuminate\Pipeline\Pipeline->then(Object(Closure))
#70 /data/54/1/46/34/1372197/user/1471954/htdocs/vendor/laravel/framework/src/Illuminate/Foundation/Http/Kernel.php(99): Illuminate\Foundation\Http\Kernel->sendRequestThroughRouter(Object(Illuminate\Http\Request))
#71 /data/54/1/46/34/1372197/user/1471954/htdocs/index.php(54): Illuminate\Foundation\Http\Kernel->handle(Object(Illuminate\Http\Request))
#72 {main}  
